[0.358s] Invoking command in '/home/ubuntu/ROS2/dev_ws/build/ard_com': CMAKE_PREFIX_PATH=${CMAKE_PREFIX_PATH}:/opt/ros/foxy /usr/bin/cmake --build /home/ubuntu/ROS2/dev_ws/build/ard_com -- -j4 -l4
[1.895s] [ 50%] Built target to_ard
[1.996s] [35m[1mScanning dependencies of target from_ard[0m
[2.271s] [ 75%] [32mBuilding CXX object CMakeFiles/from_ard.dir/src/from_ard.cpp.o[0m
[12.411s] [01m[K/home/ubuntu/ROS2/dev_ws/src/ard_com/src/from_ard.cpp:[m[K In member function â€˜[01m[Kvoid OdomTFBroadcaster::robot_pose_callback(std::shared_ptr<sensor_msgs::msg::Imu_<std::allocator<void> > >)[m[Kâ€™:
[12.412s] [01m[K/home/ubuntu/ROS2/dev_ws/src/ard_com/src/from_ard.cpp:49:22:[m[K [01;31m[Kerror: [m[Kâ€˜[01m[Kconst class std::shared_ptr<sensor_msgs::msg::Imu_<std::allocator<void> > >[m[Kâ€™ has no member named â€˜[01m[Kangular_velocity[m[Kâ€™
[12.412s]    49 |             enc1=msg.[01;31m[Kangular_velocity[m[K.x; // right speed, count per 20ms (Left if facing bot)
[12.413s]       |                      [01;31m[K^~~~~~~~~~~~~~~~[m[K
[12.414s] [01m[K/home/ubuntu/ROS2/dev_ws/src/ard_com/src/from_ard.cpp:50:22:[m[K [01;31m[Kerror: [m[Kâ€˜[01m[Kconst class std::shared_ptr<sensor_msgs::msg::Imu_<std::allocator<void> > >[m[Kâ€™ has no member named â€˜[01m[Kangular_velocity[m[Kâ€™
[12.414s]    50 |             enc2=msg.[01;31m[Kangular_velocity[m[K.y; // speed, count per 20ms
[12.423s]       |                      [01;31m[K^~~~~~~~~~~~~~~~[m[K
[12.424s] [01m[K/home/ubuntu/ROS2/dev_ws/src/ard_com/src/from_ard.cpp:51:22:[m[K [01;31m[Kerror: [m[Kâ€˜[01m[Kconst class std::shared_ptr<sensor_msgs::msg::Imu_<std::allocator<void> > >[m[Kâ€™ has no member named â€˜[01m[Kangular_velocity[m[Kâ€™
[12.425s]    51 |             vth=(msg.[01;31m[Kangular_velocity[m[K.z+15)/131/180*M_PI;
[12.429s]       |                      [01;31m[K^~~~~~~~~~~~~~~~[m[K
[21.646s] make[2]: *** [CMakeFiles/from_ard.dir/build.make:63: CMakeFiles/from_ard.dir/src/from_ard.cpp.o] Error 1
[21.652s] make[1]: *** [CMakeFiles/Makefile2:107: CMakeFiles/from_ard.dir/all] Error 2
[21.654s] make: *** [Makefile:141: all] Error 2
[21.660s] Invoked command in '/home/ubuntu/ROS2/dev_ws/build/ard_com' returned '2': CMAKE_PREFIX_PATH=${CMAKE_PREFIX_PATH}:/opt/ros/foxy /usr/bin/cmake --build /home/ubuntu/ROS2/dev_ws/build/ard_com -- -j4 -l4
