[01m[K/home/ubuntu/ROS2/dev_ws/src/ard_com/src/from_ard.cpp:45:56:[m[K [01;31m[Kerror: [m[Kâ€˜[01m[Ksensor_msgs[m[Kâ€™ was not declared in this scope
   45 |         void robot_pose_callback(const std::shared_ptr<[01;31m[Ksensor_msgs[m[K::msg::Imu> msg)
      |                                                        [01;31m[K^~~~~~~~~~~[m[K
[01m[K/home/ubuntu/ROS2/dev_ws/src/ard_com/src/from_ard.cpp:45:77:[m[K [01;31m[Kerror: [m[Ktemplate argument 1 is invalid
   45 |         void robot_pose_callback(const std::shared_ptr<sensor_msgs::msg::Imu[01;31m[K>[m[K msg)
      |                                                                             [01;31m[K^[m[K
[01m[K/home/ubuntu/ROS2/dev_ws/src/ard_com/src/from_ard.cpp:45:56:[m[K [01;31m[Kerror: [m[Kâ€˜[01m[Ksensor_msgs[m[Kâ€™ was not declared in this scope
   45 |         void robot_pose_callback(const std::shared_ptr<[01;31m[Ksensor_msgs[m[K::msg::Imu> msg)
      |                                                        [01;31m[K^~~~~~~~~~~[m[K
[01m[K/home/ubuntu/ROS2/dev_ws/src/ard_com/src/from_ard.cpp:45:77:[m[K [01;31m[Kerror: [m[Ktemplate argument 1 is invalid
   45 |         void robot_pose_callback(const std::shared_ptr<sensor_msgs::msg::Imu[01;31m[K>[m[K msg)
      |                                                                             [01;31m[K^[m[K
[01m[K/home/ubuntu/ROS2/dev_ws/src/ard_com/src/from_ard.cpp:45:56:[m[K [01;31m[Kerror: [m[Kâ€˜[01m[Ksensor_msgs[m[Kâ€™ was not declared in this scope
   45 |         void robot_pose_callback(const std::shared_ptr<[01;31m[Ksensor_msgs[m[K::msg::Imu> msg)
      |                                                        [01;31m[K^~~~~~~~~~~[m[K
[01m[K/home/ubuntu/ROS2/dev_ws/src/ard_com/src/from_ard.cpp:45:77:[m[K [01;31m[Kerror: [m[Ktemplate argument 1 is invalid
   45 |         void robot_pose_callback(const std::shared_ptr<sensor_msgs::msg::Imu[01;31m[K>[m[K msg)
      |                                                                             [01;31m[K^[m[K
[01m[K/home/ubuntu/ROS2/dev_ws/src/ard_com/src/from_ard.cpp:45:56:[m[K [01;31m[Kerror: [m[Kâ€˜[01m[Ksensor_msgs[m[Kâ€™ was not declared in this scope
   45 |         void robot_pose_callback(const std::shared_ptr<[01;31m[Ksensor_msgs[m[K::msg::Imu> msg)
      |                                                        [01;31m[K^~~~~~~~~~~[m[K
[01m[K/home/ubuntu/ROS2/dev_ws/src/ard_com/src/from_ard.cpp:45:77:[m[K [01;31m[Kerror: [m[Ktemplate argument 1 is invalid
   45 |         void robot_pose_callback(const std::shared_ptr<sensor_msgs::msg::Imu[01;31m[K>[m[K msg)
      |                                                                             [01;31m[K^[m[K
[01m[K/home/ubuntu/ROS2/dev_ws/src/ard_com/src/from_ard.cpp:45:56:[m[K [01;31m[Kerror: [m[Kâ€˜[01m[Ksensor_msgs[m[Kâ€™ was not declared in this scope
   45 |         void robot_pose_callback(const std::shared_ptr<[01;31m[Ksensor_msgs[m[K::msg::Imu> msg)
      |                                                        [01;31m[K^~~~~~~~~~~[m[K
[01m[K/home/ubuntu/ROS2/dev_ws/src/ard_com/src/from_ard.cpp:45:77:[m[K [01;31m[Kerror: [m[Ktemplate argument 1 is invalid
   45 |         void robot_pose_callback(const std::shared_ptr<sensor_msgs::msg::Imu[01;31m[K>[m[K msg)
      |                                                                             [01;31m[K^[m[K
[01m[K/home/ubuntu/ROS2/dev_ws/src/ard_com/src/from_ard.cpp:45:40:[m[K [01;31m[Kerror: [m[Kinvalid use of template-name â€˜[01m[Kstd::shared_ptr[m[Kâ€™ without an argument list
   45 |         void robot_pose_callback(const [01;31m[Kstd[m[K::shared_ptr<sensor_msgs::msg::Imu> msg)
      |                                        [01;31m[K^~~[m[K
[01m[K/home/ubuntu/ROS2/dev_ws/src/ard_com/src/from_ard.cpp:45:40:[m[K [01;36m[Knote: [m[Kclass template argument deduction is only available with â€˜[01m[K-std=c++17[m[Kâ€™ or â€˜[01m[K-std=gnu++17[m[Kâ€™
In file included from [01m[K/usr/include/c++/9/bits/shared_ptr.h:52[m[K,
                 from [01m[K/usr/include/c++/9/memory:81[m[K,
                 from [01m[K/home/ubuntu/ROS2/dev_ws/src/ard_com/src/from_ard.cpp:4[m[K:
[01m[K/usr/include/c++/9/bits/shared_ptr_base.h:348:11:[m[K [01;36m[Knote: [m[Kâ€˜[01m[Ktemplate<class _Tp> class std::shared_ptr[m[Kâ€™ declared here
  348 |     class [01;36m[Kshared_ptr[m[K;
      |           [01;36m[K^~~~~~~~~~[m[K
[01m[K/home/ubuntu/ROS2/dev_ws/src/ard_com/src/from_ard.cpp:45:55:[m[K [01;31m[Kerror: [m[Kexpected â€˜[01m[K,[m[Kâ€™ or â€˜[01m[K...[m[Kâ€™ before â€˜[01m[K<[m[Kâ€™ token
   45 |         void robot_pose_callback(const std::shared_ptr[01;31m[K<[m[Ksensor_msgs::msg::Imu> msg)
      |                                                       [01;31m[K^[m[K
[01m[K/home/ubuntu/ROS2/dev_ws/src/ard_com/src/from_ard.cpp:102:30:[m[K [01;31m[Kerror: [m[Kâ€˜[01m[Ksensor_msgs[m[Kâ€™ was not declared in this scope
  102 |         rclcpp::Subscription<[01;31m[Ksensor_msgs[m[K::msg::Imu>::SharedPtr subscription_;
      |                              [01;31m[K^~~~~~~~~~~[m[K
[01m[K/home/ubuntu/ROS2/dev_ws/src/ard_com/src/from_ard.cpp:102:51:[m[K [01;31m[Kerror: [m[Ktemplate argument 1 is invalid
  102 |         rclcpp::Subscription<sensor_msgs::msg::Imu[01;31m[K>[m[K::SharedPtr subscription_;
      |                                                   [01;31m[K^[m[K
[01m[K/home/ubuntu/ROS2/dev_ws/src/ard_com/src/from_ard.cpp:102:51:[m[K [01;31m[Kerror: [m[Ktemplate argument 3 is invalid
[01m[K/home/ubuntu/ROS2/dev_ws/src/ard_com/src/from_ard.cpp:102:54:[m[K [01;31m[Kerror: [m[Kexpected â€˜[01m[K;[m[Kâ€™ at end of member declaration
  102 |         rclcpp::Subscription<sensor_msgs::msg::Imu>::[01;31m[KSharedPtr[m[K subscription_;
      |                                                      [01;31m[K^~~~~~~~~[m[K
      |                                                               [32m[K;[m[K
[01m[K/home/ubuntu/ROS2/dev_ws/src/ard_com/src/from_ard.cpp:102:64:[m[K [01;31m[Kerror: [m[Kâ€˜[01m[Ksubscription_[m[Kâ€™ does not name a type; did you mean â€˜[01m[Krcl_subscription_t[m[Kâ€™?
  102 |         rclcpp::Subscription<sensor_msgs::msg::Imu>::SharedPtr [01;31m[Ksubscription_[m[K;
      |                                                                [01;31m[K^~~~~~~~~~~~~[m[K
      |                                                                [32m[Krcl_subscription_t[m[K
[01m[K/home/ubuntu/ROS2/dev_ws/src/ard_com/src/from_ard.cpp:[m[K In constructor â€˜[01m[KOdomTFBroadcaster::OdomTFBroadcaster()[m[Kâ€™:
[01m[K/home/ubuntu/ROS2/dev_ws/src/ard_com/src/from_ard.cpp:37:13:[m[K [01;31m[Kerror: [m[Kâ€˜[01m[Ksubscription_[m[Kâ€™ was not declared in this scope; did you mean â€˜[01m[Krcl_subscription_t[m[Kâ€™?
   37 |             [01;31m[Ksubscription_[m[K = this->create_subscription<sensor_msgs::msg::Imu>(
      |             [01;31m[K^~~~~~~~~~~~~[m[K
      |             [32m[Krcl_subscription_t[m[K
[01m[K/home/ubuntu/ROS2/dev_ws/src/ard_com/src/from_ard.cpp:37:55:[m[K [01;31m[Kerror: [m[Kâ€˜[01m[Ksensor_msgs[m[Kâ€™ was not declared in this scope
   37 |             subscription_ = this->create_subscription<[01;31m[Ksensor_msgs[m[K::msg::Imu>(
      |                                                       [01;31m[K^~~~~~~~~~~[m[K
[01m[K/home/ubuntu/ROS2/dev_ws/src/ard_com/src/from_ard.cpp:37:35:[m[K [01;31m[Kerror: [m[Kparse error in template argument list
   37 |             subscription_ = this->[01;31m[Kcreate_subscription<sensor_msgs::msg::Imu>[m[K(
      |                                   [01;31m[K^~~~~~~~~~~~~~~~~~~~~~~~~~~~~~~~~~~~~~~~~~[m[K
[01m[K/home/ubuntu/ROS2/dev_ws/src/ard_com/src/from_ard.cpp:39:96:[m[K [01;31m[Kerror: [m[Kno matching function for call to â€˜[01m[KOdomTFBroadcaster::create_subscription<<expression error> >(std::string&, int, std::_Bind_helper<false, void (OdomTFBroadcaster::*)(int), OdomTFBroadcaster*, const std::_Placeholder<1>&>::type)[m[Kâ€™
   39 |                 std::bind(&OdomTFBroadcaster::robot_pose_callback, this, std::placeholders::_1)[01;31m[K)[m[K;
      |                                                                                                [01;31m[K^[m[K
In file included from [01m[K/opt/ros/foxy/include/rclcpp/executors/single_threaded_executor.hpp:28[m[K,
                 from [01m[K/opt/ros/foxy/include/rclcpp/executors.hpp:22[m[K,
                 from [01m[K/opt/ros/foxy/include/rclcpp/rclcpp.hpp:146[m[K,
                 from [01m[K/home/ubuntu/ROS2/dev_ws/src/ard_com/src/from_ard.cpp:8[m[K:
[01m[K/opt/ros/foxy/include/rclcpp/node.hpp:213:3:[m[K [01;36m[Knote: [m[Kcandidate: â€˜[01m[Ktemplate<class MessageT, class CallbackT, class AllocatorT, class CallbackMessageT, class SubscriptionT, class MessageMemoryStrategyT> std::shared_ptr<SubscriptionT> rclcpp::Node::create_subscription(const string&, const rclcpp::QoS&, CallbackT&&, const rclcpp::SubscriptionOptionsWithAllocator<AllocatorT>&, typename MessageMemoryStrategyT::SharedPtr)[m[Kâ€™
  213 |   [01;36m[Kcreate_subscription[m[K(
      |   [01;36m[K^~~~~~~~~~~~~~~~~~~[m[K
[01m[K/opt/ros/foxy/include/rclcpp/node.hpp:213:3:[m[K [01;36m[Knote: [m[K  template argument deduction/substitution failed:
[01m[K/home/ubuntu/ROS2/dev_ws/src/ard_com/src/from_ard.cpp:39:96:[m[K [01;31m[Kerror: [m[Ktemplate argument 1 is invalid
   39 |                 std::bind(&OdomTFBroadcaster::robot_pose_callback, this, std::placeholders::_1)[01;31m[K)[m[K;
      |                                                                                                [01;31m[K^[m[K
[01m[K/home/ubuntu/ROS2/dev_ws/src/ard_com/src/from_ard.cpp:[m[K In member function â€˜[01m[Kvoid OdomTFBroadcaster::robot_pose_callback(int)[m[Kâ€™:
[01m[K/home/ubuntu/ROS2/dev_ws/src/ard_com/src/from_ard.cpp:49:18:[m[K [01;31m[Kerror: [m[Kâ€˜[01m[Kmsg[m[Kâ€™ was not declared in this scope
   49 |             enc1=[01;31m[Kmsg[m[K.angular_velocity.x; // right speed, count per 20ms (Left if facing bot)
      |                  [01;31m[K^~~[m[K
[01m[K/home/ubuntu/ROS2/dev_ws/src/ard_com/src/from_ard.cpp:49:18:[m[K [01;36m[Knote: [m[Ksuggested alternatives:
In file included from [01m[K/opt/ros/foxy/include/builtin_interfaces/msg/duration.hpp:7[m[K,
                 from [01m[K/opt/ros/foxy/include/rclcpp/duration.hpp:20[m[K,
                 from [01m[K/opt/ros/foxy/include/rclcpp/qos.hpp:20[m[K,
                 from [01m[K/opt/ros/foxy/include/rclcpp/node_interfaces/node_graph_interface.hpp:31[m[K,
                 from [01m[K/opt/ros/foxy/include/rclcpp/client.hpp:34[m[K,
                 from [01m[K/opt/ros/foxy/include/rclcpp/callback_group.hpp:23[m[K,
                 from [01m[K/opt/ros/foxy/include/rclcpp/any_executable.hpp:20[m[K,
                 from [01m[K/opt/ros/foxy/include/rclcpp/memory_strategy.hpp:24[m[K,
                 from [01m[K/opt/ros/foxy/include/rclcpp/memory_strategies.hpp:18[m[K,
                 from [01m[K/opt/ros/foxy/include/rclcpp/executor_options.hpp:20[m[K,
                 from [01m[K/opt/ros/foxy/include/rclcpp/executor.hpp:33[m[K,
                 from [01m[K/opt/ros/foxy/include/rclcpp/executors/multi_threaded_executor.hpp:26[m[K,
                 from [01m[K/opt/ros/foxy/include/rclcpp/executors.hpp:21[m[K,
                 from [01m[K/opt/ros/foxy/include/rclcpp/rclcpp.hpp:146[m[K,
                 from [01m[K/home/ubuntu/ROS2/dev_ws/src/ard_com/src/from_ard.cpp:8[m[K:
[01m[K/opt/ros/foxy/include/builtin_interfaces/msg/detail/duration__struct.hpp:26:11:[m[K [01;36m[Knote: [m[K  â€˜[01m[Kbuiltin_interfaces::msg[m[Kâ€™
   26 | namespace [01;36m[Kmsg[m[K
      |           [01;36m[K^~~[m[K
In file included from [01m[K/opt/ros/foxy/include/statistics_msgs/msg/detail/metrics_message__struct.hpp:22[m[K,
                 from [01m[K/opt/ros/foxy/include/statistics_msgs/msg/metrics_message.hpp:7[m[K,
                 from [01m[K/opt/ros/foxy/include/libstatistics_collector/collector/generate_statistics_message.hpp:21[m[K,
                 from [01m[K/opt/ros/foxy/include/rclcpp/topic_statistics/subscription_topic_statistics.hpp:23[m[K,
                 from [01m[K/opt/ros/foxy/include/rclcpp/subscription.hpp:50[m[K,
                 from [01m[K/opt/ros/foxy/include/rclcpp/any_executable.hpp:25[m[K,
                 from [01m[K/opt/ros/foxy/include/rclcpp/memory_strategy.hpp:24[m[K,
                 from [01m[K/opt/ros/foxy/include/rclcpp/memory_strategies.hpp:18[m[K,
                 from [01m[K/opt/ros/foxy/include/rclcpp/executor_options.hpp:20[m[K,
                 from [01m[K/opt/ros/foxy/include/rclcpp/executor.hpp:33[m[K,
                 from [01m[K/opt/ros/foxy/include/rclcpp/executors/multi_threaded_executor.hpp:26[m[K,
                 from [01m[K/opt/ros/foxy/include/rclcpp/executors.hpp:21[m[K,
                 from [01m[K/opt/ros/foxy/include/rclcpp/rclcpp.hpp:146[m[K,
                 from [01m[K/home/ubuntu/ROS2/dev_ws/src/ard_com/src/from_ard.cpp:8[m[K:
[01m[K/opt/ros/foxy/include/statistics_msgs/msg/detail/statistic_data_point__struct.hpp:26:11:[m[K [01;36m[Knote: [m[K  â€˜[01m[Kstatistics_msgs::msg[m[Kâ€™
   26 | namespace [01;36m[Kmsg[m[K
      |           [01;36m[K^~~[m[K
In file included from [01m[K/opt/ros/foxy/include/rcl_interfaces/msg/list_parameters_result.hpp:7[m[K,
                 from [01m[K/opt/ros/foxy/include/rclcpp/node.hpp:34[m[K,
                 from [01m[K/opt/ros/foxy/include/rclcpp/executors/single_threaded_executor.hpp:28[m[K,
                 from [01m[K/opt/ros/foxy/include/rclcpp/executors.hpp:22[m[K,
                 from [01m[K/opt/ros/foxy/include/rclcpp/rclcpp.hpp:146[m[K,
                 from [01m[K/home/ubuntu/ROS2/dev_ws/src/ard_com/src/from_ard.cpp:8[m[K:
[01m[K/opt/ros/foxy/include/rcl_interfaces/msg/detail/list_parameters_result__struct.hpp:26:11:[m[K [01;36m[Knote: [m[K  â€˜[01m[Krcl_interfaces::msg[m[Kâ€™
   26 | namespace [01;36m[Kmsg[m[K
      |           [01;36m[K^~~[m[K
In file included from [01m[K/opt/ros/foxy/include/geometry_msgs/msg/detail/transform_stamped__struct.hpp:19[m[K,
                 from [01m[K/opt/ros/foxy/include/geometry_msgs/msg/transform_stamped.hpp:7[m[K,
                 from [01m[K/opt/ros/foxy/include/tf2_ros/transform_broadcaster.h:37[m[K,
                 from [01m[K/home/ubuntu/ROS2/dev_ws/src/ard_com/src/from_ard.cpp:10[m[K:
[01m[K/opt/ros/foxy/include/std_msgs/msg/detail/header__struct.hpp:30:11:[m[K [01;36m[Knote: [m[K  â€˜[01m[Kstd_msgs::msg[m[Kâ€™
   30 | namespace [01;36m[Kmsg[m[K
      |           [01;36m[K^~~[m[K
In file included from [01m[K/opt/ros/foxy/include/geometry_msgs/msg/detail/transform__struct.hpp:19[m[K,
                 from [01m[K/opt/ros/foxy/include/geometry_msgs/msg/detail/transform_stamped__struct.hpp:21[m[K,
                 from [01m[K/opt/ros/foxy/include/geometry_msgs/msg/transform_stamped.hpp:7[m[K,
                 from [01m[K/opt/ros/foxy/include/tf2_ros/transform_broadcaster.h:37[m[K,
                 from [01m[K/home/ubuntu/ROS2/dev_ws/src/ard_com/src/from_ard.cpp:10[m[K:
[01m[K/opt/ros/foxy/include/geometry_msgs/msg/detail/vector3__struct.hpp:26:11:[m[K [01;36m[Knote: [m[K  â€˜[01m[Kgeometry_msgs::msg[m[Kâ€™
   26 | namespace [01;36m[Kmsg[m[K
      |           [01;36m[K^~~[m[K
In file included from [01m[K/opt/ros/foxy/include/tf2_msgs/msg/tf_message.hpp:7[m[K,
                 from [01m[K/opt/ros/foxy/include/tf2_ros/transform_broadcaster.h:38[m[K,
                 from [01m[K/home/ubuntu/ROS2/dev_ws/src/ard_com/src/from_ard.cpp:10[m[K:
[01m[K/opt/ros/foxy/include/tf2_msgs/msg/detail/tf_message__struct.hpp:30:11:[m[K [01;36m[Knote: [m[K  â€˜[01m[Ktf2_msgs::msg[m[Kâ€™
   30 | namespace [01;36m[Kmsg[m[K
      |           [01;36m[K^~~[m[K
In file included from [01m[K/opt/ros/foxy/include/turtlesim/msg/pose.hpp:7[m[K,
                 from [01m[K/home/ubuntu/ROS2/dev_ws/src/ard_com/src/from_ard.cpp:11[m[K:
[01m[K/opt/ros/foxy/include/turtlesim/msg/detail/pose__struct.hpp:26:11:[m[K [01;36m[Knote: [m[K  â€˜[01m[Kturtlesim::msg[m[Kâ€™
   26 | namespace [01;36m[Kmsg[m[K
      |           [01;36m[K^~~[m[K
[01m[K/home/ubuntu/ROS2/dev_ws/src/ard_com/src/from_ard.cpp:51:40:[m[K [01;31m[Kerror: [m[Kexpected â€˜[01m[K)[m[Kâ€™ before â€˜[01m[K;[m[Kâ€™ token
   51 |             vth=[34m[K([m[Kmsg.angular_velocity.y[01;31m[K;[m[K+15)/131/180*M_PI;
      |                 [34m[K~[m[K                      [01;31m[K^[m[K
      |                                        [32m[K)[m[K
[01m[K/home/ubuntu/ROS2/dev_ws/src/ard_com/src/from_ard.cpp:51:44:[m[K [01;31m[Kerror: [m[Kexpected â€˜[01m[K;[m[Kâ€™ before â€˜[01m[K)[m[Kâ€™ token
   51 |             vth=(msg.angular_velocity.y;+15[01;31m[K)[m[K/131/180*M_PI;
      |                                            [01;31m[K^[m[K
      |                                            [32m[K;[m[K
[01m[K/home/ubuntu/ROS2/dev_ws/src/ard_com/src/from_ard.cpp:51:41:[m[K [01;35m[Kwarning: [m[Kstatement has no effect [[01;35m[K-Wunused-value[m[K]
   51 |             vth=(msg.angular_velocity.y;[01;35m[K+15[m[K)/131/180*M_PI;
      |                                         [01;35m[K^~~[m[K
[01m[K/home/ubuntu/ROS2/dev_ws/src/ard_com/src/from_ard.cpp:62:52:[m[K [01;31m[Kerror: [m[Kâ€˜[01m[Kclass rclcpp::Duration[m[Kâ€™ has no member named â€˜[01m[KtoSec[m[Kâ€™
   62 |             double dt = (current_time - last_time).[01;31m[KtoSec[m[K();
      |                                                    [01;31m[K^~~~~[m[K
make[2]: *** [CMakeFiles/from_ard.dir/build.make:63: CMakeFiles/from_ard.dir/src/from_ard.cpp.o] Error 1
make[1]: *** [CMakeFiles/Makefile2:107: CMakeFiles/from_ard.dir/all] Error 2
make: *** [Makefile:141: all] Error 2
