[0.228s] Invoking command in '/home/ubuntu/ROS2/dev_ws/build/ard_com': CMAKE_PREFIX_PATH=${CMAKE_PREFIX_PATH}:/opt/ros/foxy /usr/bin/cmake --build /home/ubuntu/ROS2/dev_ws/build/ard_com -- -j4 -l4
[0.876s] [35m[1mScanning dependencies of target from_ard[0m
[1.143s] [ 50%] Built target to_ard
[1.230s] [ 75%] [32mBuilding CXX object CMakeFiles/from_ard.dir/src/from_ard.cpp.o[0m
[11.477s] [01m[K/home/ubuntu/ROS2/dev_ws/src/ard_com/src/from_ard.cpp:45:56:[m[K [01;31m[Kerror: [m[Kâ€˜[01m[Ksensor_msgs[m[Kâ€™ was not declared in this scope
[11.498s]    45 |         void robot_pose_callback(const std::shared_ptr<[01;31m[Ksensor_msgs[m[K::msg::Imu> msg)
[11.504s]       |                                                        [01;31m[K^~~~~~~~~~~[m[K
[11.506s] [01m[K/home/ubuntu/ROS2/dev_ws/src/ard_com/src/from_ard.cpp:45:77:[m[K [01;31m[Kerror: [m[Ktemplate argument 1 is invalid
[11.509s]    45 |         void robot_pose_callback(const std::shared_ptr<sensor_msgs::msg::Imu[01;31m[K>[m[K msg)
[11.512s]       |                                                                             [01;31m[K^[m[K
[11.515s] [01m[K/home/ubuntu/ROS2/dev_ws/src/ard_com/src/from_ard.cpp:45:56:[m[K [01;31m[Kerror: [m[Kâ€˜[01m[Ksensor_msgs[m[Kâ€™ was not declared in this scope
[11.517s]    45 |         void robot_pose_callback(const std::shared_ptr<[01;31m[Ksensor_msgs[m[K::msg::Imu> msg)
[11.520s]       |                                                        [01;31m[K^~~~~~~~~~~[m[K
[11.522s] [01m[K/home/ubuntu/ROS2/dev_ws/src/ard_com/src/from_ard.cpp:45:77:[m[K [01;31m[Kerror: [m[Ktemplate argument 1 is invalid
[11.524s]    45 |         void robot_pose_callback(const std::shared_ptr<sensor_msgs::msg::Imu[01;31m[K>[m[K msg)
[11.527s]       |                                                                             [01;31m[K^[m[K
[11.530s] [01m[K/home/ubuntu/ROS2/dev_ws/src/ard_com/src/from_ard.cpp:45:56:[m[K [01;31m[Kerror: [m[Kâ€˜[01m[Ksensor_msgs[m[Kâ€™ was not declared in this scope
[11.532s]    45 |         void robot_pose_callback(const std::shared_ptr<[01;31m[Ksensor_msgs[m[K::msg::Imu> msg)
[11.541s]       |                                                        [01;31m[K^~~~~~~~~~~[m[K
[11.543s] [01m[K/home/ubuntu/ROS2/dev_ws/src/ard_com/src/from_ard.cpp:45:77:[m[K [01;31m[Kerror: [m[Ktemplate argument 1 is invalid
[11.547s]    45 |         void robot_pose_callback(const std::shared_ptr<sensor_msgs::msg::Imu[01;31m[K>[m[K msg)
[11.549s]       |                                                                             [01;31m[K^[m[K
[11.551s] [01m[K/home/ubuntu/ROS2/dev_ws/src/ard_com/src/from_ard.cpp:45:56:[m[K [01;31m[Kerror: [m[Kâ€˜[01m[Ksensor_msgs[m[Kâ€™ was not declared in this scope
[11.553s]    45 |         void robot_pose_callback(const std::shared_ptr<[01;31m[Ksensor_msgs[m[K::msg::Imu> msg)
[11.555s]       |                                                        [01;31m[K^~~~~~~~~~~[m[K
[11.557s] [01m[K/home/ubuntu/ROS2/dev_ws/src/ard_com/src/from_ard.cpp:45:77:[m[K [01;31m[Kerror: [m[Ktemplate argument 1 is invalid
[11.559s]    45 |         void robot_pose_callback(const std::shared_ptr<sensor_msgs::msg::Imu[01;31m[K>[m[K msg)
[11.562s]       |                                                                             [01;31m[K^[m[K
[11.564s] [01m[K/home/ubuntu/ROS2/dev_ws/src/ard_com/src/from_ard.cpp:45:56:[m[K [01;31m[Kerror: [m[Kâ€˜[01m[Ksensor_msgs[m[Kâ€™ was not declared in this scope
[11.566s]    45 |         void robot_pose_callback(const std::shared_ptr<[01;31m[Ksensor_msgs[m[K::msg::Imu> msg)
[11.571s]       |                                                        [01;31m[K^~~~~~~~~~~[m[K
[11.573s] [01m[K/home/ubuntu/ROS2/dev_ws/src/ard_com/src/from_ard.cpp:45:77:[m[K [01;31m[Kerror: [m[Ktemplate argument 1 is invalid
[11.575s]    45 |         void robot_pose_callback(const std::shared_ptr<sensor_msgs::msg::Imu[01;31m[K>[m[K msg)
[11.578s]       |                                                                             [01;31m[K^[m[K
[11.580s] [01m[K/home/ubuntu/ROS2/dev_ws/src/ard_com/src/from_ard.cpp:45:40:[m[K [01;31m[Kerror: [m[Kinvalid use of template-name â€˜[01m[Kstd::shared_ptr[m[Kâ€™ without an argument list
[11.582s]    45 |         void robot_pose_callback(const [01;31m[Kstd[m[K::shared_ptr<sensor_msgs::msg::Imu> msg)
[11.590s]       |                                        [01;31m[K^~~[m[K
[11.593s] [01m[K/home/ubuntu/ROS2/dev_ws/src/ard_com/src/from_ard.cpp:45:40:[m[K [01;36m[Knote: [m[Kclass template argument deduction is only available with â€˜[01m[K-std=c++17[m[Kâ€™ or â€˜[01m[K-std=gnu++17[m[Kâ€™
[11.597s] In file included from [01m[K/usr/include/c++/9/bits/shared_ptr.h:52[m[K,
[11.598s]                  from [01m[K/usr/include/c++/9/memory:81[m[K,
[11.601s]                  from [01m[K/home/ubuntu/ROS2/dev_ws/src/ard_com/src/from_ard.cpp:4[m[K:
[11.603s] [01m[K/usr/include/c++/9/bits/shared_ptr_base.h:348:11:[m[K [01;36m[Knote: [m[Kâ€˜[01m[Ktemplate<class _Tp> class std::shared_ptr[m[Kâ€™ declared here
[11.605s]   348 |     class [01;36m[Kshared_ptr[m[K;
[11.608s]       |           [01;36m[K^~~~~~~~~~[m[K
[11.610s] [01m[K/home/ubuntu/ROS2/dev_ws/src/ard_com/src/from_ard.cpp:45:55:[m[K [01;31m[Kerror: [m[Kexpected â€˜[01m[K,[m[Kâ€™ or â€˜[01m[K...[m[Kâ€™ before â€˜[01m[K<[m[Kâ€™ token
[11.613s]    45 |         void robot_pose_callback(const std::shared_ptr[01;31m[K<[m[Ksensor_msgs::msg::Imu> msg)
[11.616s]       |                                                       [01;31m[K^[m[K
[11.619s] [01m[K/home/ubuntu/ROS2/dev_ws/src/ard_com/src/from_ard.cpp:102:30:[m[K [01;31m[Kerror: [m[Kâ€˜[01m[Ksensor_msgs[m[Kâ€™ was not declared in this scope
[11.621s]   102 |         rclcpp::Subscription<[01;31m[Ksensor_msgs[m[K::msg::Imu>::SharedPtr subscription_;
[11.623s]       |                              [01;31m[K^~~~~~~~~~~[m[K
[11.625s] [01m[K/home/ubuntu/ROS2/dev_ws/src/ard_com/src/from_ard.cpp:102:51:[m[K [01;31m[Kerror: [m[Ktemplate argument 1 is invalid
[11.627s]   102 |         rclcpp::Subscription<sensor_msgs::msg::Imu[01;31m[K>[m[K::SharedPtr subscription_;
[11.630s]       |                                                   [01;31m[K^[m[K
[11.632s] [01m[K/home/ubuntu/ROS2/dev_ws/src/ard_com/src/from_ard.cpp:102:51:[m[K [01;31m[Kerror: [m[Ktemplate argument 3 is invalid
[11.641s] [01m[K/home/ubuntu/ROS2/dev_ws/src/ard_com/src/from_ard.cpp:102:54:[m[K [01;31m[Kerror: [m[Kexpected â€˜[01m[K;[m[Kâ€™ at end of member declaration
[11.644s]   102 |         rclcpp::Subscription<sensor_msgs::msg::Imu>::[01;31m[KSharedPtr[m[K subscription_;
[11.647s]       |                                                      [01;31m[K^~~~~~~~~[m[K
[11.649s]       |                                                               [32m[K;[m[K
[11.651s] [01m[K/home/ubuntu/ROS2/dev_ws/src/ard_com/src/from_ard.cpp:102:64:[m[K [01;31m[Kerror: [m[Kâ€˜[01m[Ksubscription_[m[Kâ€™ does not name a type; did you mean â€˜[01m[Krcl_subscription_t[m[Kâ€™?
[11.653s]   102 |         rclcpp::Subscription<sensor_msgs::msg::Imu>::SharedPtr [01;31m[Ksubscription_[m[K;
[11.655s]       |                                                                [01;31m[K^~~~~~~~~~~~~[m[K
[11.657s]       |                                                                [32m[Krcl_subscription_t[m[K
[11.659s] [01m[K/home/ubuntu/ROS2/dev_ws/src/ard_com/src/from_ard.cpp:[m[K In constructor â€˜[01m[KOdomTFBroadcaster::OdomTFBroadcaster()[m[Kâ€™:
[11.661s] [01m[K/home/ubuntu/ROS2/dev_ws/src/ard_com/src/from_ard.cpp:37:13:[m[K [01;31m[Kerror: [m[Kâ€˜[01m[Ksubscription_[m[Kâ€™ was not declared in this scope; did you mean â€˜[01m[Krcl_subscription_t[m[Kâ€™?
[11.664s]    37 |             [01;31m[Ksubscription_[m[K = this->create_subscription<sensor_msgs::msg::Imu>(
[11.666s]       |             [01;31m[K^~~~~~~~~~~~~[m[K
[11.671s]       |             [32m[Krcl_subscription_t[m[K
[11.673s] [01m[K/home/ubuntu/ROS2/dev_ws/src/ard_com/src/from_ard.cpp:37:55:[m[K [01;31m[Kerror: [m[Kâ€˜[01m[Ksensor_msgs[m[Kâ€™ was not declared in this scope
[11.677s]    37 |             subscription_ = this->create_subscription<[01;31m[Ksensor_msgs[m[K::msg::Imu>(
[11.691s]       |                                                       [01;31m[K^~~~~~~~~~~[m[K
[11.693s] [01m[K/home/ubuntu/ROS2/dev_ws/src/ard_com/src/from_ard.cpp:37:35:[m[K [01;31m[Kerror: [m[Kparse error in template argument list
[11.696s]    37 |             subscription_ = this->[01;31m[Kcreate_subscription<sensor_msgs::msg::Imu>[m[K(
[11.698s]       |                                   [01;31m[K^~~~~~~~~~~~~~~~~~~~~~~~~~~~~~~~~~~~~~~~~~[m[K
[11.700s] [01m[K/home/ubuntu/ROS2/dev_ws/src/ard_com/src/from_ard.cpp:39:96:[m[K [01;31m[Kerror: [m[Kno matching function for call to â€˜[01m[KOdomTFBroadcaster::create_subscription<<expression error> >(std::string&, int, std::_Bind_helper<false, void (OdomTFBroadcaster::*)(int), OdomTFBroadcaster*, const std::_Placeholder<1>&>::type)[m[Kâ€™
[11.702s]    39 |                 std::bind(&OdomTFBroadcaster::robot_pose_callback, this, std::placeholders::_1)[01;31m[K)[m[K;
[11.704s]       |                                                                                                [01;31m[K^[m[K
[11.707s] In file included from [01m[K/opt/ros/foxy/include/rclcpp/executors/single_threaded_executor.hpp:28[m[K,
[11.709s]                  from [01m[K/opt/ros/foxy/include/rclcpp/executors.hpp:22[m[K,
[11.711s]                  from [01m[K/opt/ros/foxy/include/rclcpp/rclcpp.hpp:146[m[K,
[11.716s]                  from [01m[K/home/ubuntu/ROS2/dev_ws/src/ard_com/src/from_ard.cpp:8[m[K:
[11.719s] [01m[K/opt/ros/foxy/include/rclcpp/node.hpp:213:3:[m[K [01;36m[Knote: [m[Kcandidate: â€˜[01m[Ktemplate<class MessageT, class CallbackT, class AllocatorT, class CallbackMessageT, class SubscriptionT, class MessageMemoryStrategyT> std::shared_ptr<SubscriptionT> rclcpp::Node::create_subscription(const string&, const rclcpp::QoS&, CallbackT&&, const rclcpp::SubscriptionOptionsWithAllocator<AllocatorT>&, typename MessageMemoryStrategyT::SharedPtr)[m[Kâ€™
[11.721s]   213 |   [01;36m[Kcreate_subscription[m[K(
[11.724s]       |   [01;36m[K^~~~~~~~~~~~~~~~~~~[m[K
[11.727s] [01m[K/opt/ros/foxy/include/rclcpp/node.hpp:213:3:[m[K [01;36m[Knote: [m[K  template argument deduction/substitution failed:
[11.730s] [01m[K/home/ubuntu/ROS2/dev_ws/src/ard_com/src/from_ard.cpp:39:96:[m[K [01;31m[Kerror: [m[Ktemplate argument 1 is invalid
[11.733s]    39 |                 std::bind(&OdomTFBroadcaster::robot_pose_callback, this, std::placeholders::_1)[01;31m[K)[m[K;
[11.742s]       |                                                                                                [01;31m[K^[m[K
[11.745s] [01m[K/home/ubuntu/ROS2/dev_ws/src/ard_com/src/from_ard.cpp:[m[K In member function â€˜[01m[Kvoid OdomTFBroadcaster::robot_pose_callback(int)[m[Kâ€™:
[11.748s] [01m[K/home/ubuntu/ROS2/dev_ws/src/ard_com/src/from_ard.cpp:49:18:[m[K [01;31m[Kerror: [m[Kâ€˜[01m[Kmsg[m[Kâ€™ was not declared in this scope
[11.750s]    49 |             enc1=[01;31m[Kmsg[m[K.angular_velocity.x; // right speed, count per 20ms (Left if facing bot)
[11.753s]       |                  [01;31m[K^~~[m[K
[11.756s] [01m[K/home/ubuntu/ROS2/dev_ws/src/ard_com/src/from_ard.cpp:49:18:[m[K [01;36m[Knote: [m[Ksuggested alternatives:
[11.758s] In file included from [01m[K/opt/ros/foxy/include/builtin_interfaces/msg/duration.hpp:7[m[K,
[11.760s]                  from [01m[K/opt/ros/foxy/include/rclcpp/duration.hpp:20[m[K,
[11.762s]                  from [01m[K/opt/ros/foxy/include/rclcpp/qos.hpp:20[m[K,
[11.766s]                  from [01m[K/opt/ros/foxy/include/rclcpp/node_interfaces/node_graph_interface.hpp:31[m[K,
[11.768s]                  from [01m[K/opt/ros/foxy/include/rclcpp/client.hpp:34[m[K,
[11.773s]                  from [01m[K/opt/ros/foxy/include/rclcpp/callback_group.hpp:23[m[K,
[11.776s]                  from [01m[K/opt/ros/foxy/include/rclcpp/any_executable.hpp:20[m[K,
[11.779s]                  from [01m[K/opt/ros/foxy/include/rclcpp/memory_strategy.hpp:24[m[K,
[11.781s]                  from [01m[K/opt/ros/foxy/include/rclcpp/memory_strategies.hpp:18[m[K,
[11.789s]                  from [01m[K/opt/ros/foxy/include/rclcpp/executor_options.hpp:20[m[K,
[11.792s]                  from [01m[K/opt/ros/foxy/include/rclcpp/executor.hpp:33[m[K,
[11.795s]                  from [01m[K/opt/ros/foxy/include/rclcpp/executors/multi_threaded_executor.hpp:26[m[K,
[11.797s]                  from [01m[K/opt/ros/foxy/include/rclcpp/executors.hpp:21[m[K,
[11.800s]                  from [01m[K/opt/ros/foxy/include/rclcpp/rclcpp.hpp:146[m[K,
[11.802s]                  from [01m[K/home/ubuntu/ROS2/dev_ws/src/ard_com/src/from_ard.cpp:8[m[K:
[11.806s] [01m[K/opt/ros/foxy/include/builtin_interfaces/msg/detail/duration__struct.hpp:26:11:[m[K [01;36m[Knote: [m[K  â€˜[01m[Kbuiltin_interfaces::msg[m[Kâ€™
[11.809s]    26 | namespace [01;36m[Kmsg[m[K
[11.811s]       |           [01;36m[K^~~[m[K
[11.814s] In file included from [01m[K/opt/ros/foxy/include/statistics_msgs/msg/detail/metrics_message__struct.hpp:22[m[K,
[11.817s]                  from [01m[K/opt/ros/foxy/include/statistics_msgs/msg/metrics_message.hpp:7[m[K,
[11.818s]                  from [01m[K/opt/ros/foxy/include/libstatistics_collector/collector/generate_statistics_message.hpp:21[m[K,
[11.820s]                  from [01m[K/opt/ros/foxy/include/rclcpp/topic_statistics/subscription_topic_statistics.hpp:23[m[K,
[11.822s]                  from [01m[K/opt/ros/foxy/include/rclcpp/subscription.hpp:50[m[K,
[11.824s]                  from [01m[K/opt/ros/foxy/include/rclcpp/any_executable.hpp:25[m[K,
[11.827s]                  from [01m[K/opt/ros/foxy/include/rclcpp/memory_strategy.hpp:24[m[K,
[11.829s]                  from [01m[K/opt/ros/foxy/include/rclcpp/memory_strategies.hpp:18[m[K,
[11.831s]                  from [01m[K/opt/ros/foxy/include/rclcpp/executor_options.hpp:20[m[K,
[11.838s]                  from [01m[K/opt/ros/foxy/include/rclcpp/executor.hpp:33[m[K,
[11.843s]                  from [01m[K/opt/ros/foxy/include/rclcpp/executors/multi_threaded_executor.hpp:26[m[K,
[11.846s]                  from [01m[K/opt/ros/foxy/include/rclcpp/executors.hpp:21[m[K,
[11.848s]                  from [01m[K/opt/ros/foxy/include/rclcpp/rclcpp.hpp:146[m[K,
[11.850s]                  from [01m[K/home/ubuntu/ROS2/dev_ws/src/ard_com/src/from_ard.cpp:8[m[K:
[11.852s] [01m[K/opt/ros/foxy/include/statistics_msgs/msg/detail/statistic_data_point__struct.hpp:26:11:[m[K [01;36m[Knote: [m[K  â€˜[01m[Kstatistics_msgs::msg[m[Kâ€™
[11.854s]    26 | namespace [01;36m[Kmsg[m[K
[11.856s]       |           [01;36m[K^~~[m[K
[11.858s] In file included from [01m[K/opt/ros/foxy/include/rcl_interfaces/msg/list_parameters_result.hpp:7[m[K,
[11.860s]                  from [01m[K/opt/ros/foxy/include/rclcpp/node.hpp:34[m[K,
[11.862s]                  from [01m[K/opt/ros/foxy/include/rclcpp/executors/single_threaded_executor.hpp:28[m[K,
[11.864s]                  from [01m[K/opt/ros/foxy/include/rclcpp/executors.hpp:22[m[K,
[11.865s]                  from [01m[K/opt/ros/foxy/include/rclcpp/rclcpp.hpp:146[m[K,
[11.868s]                  from [01m[K/home/ubuntu/ROS2/dev_ws/src/ard_com/src/from_ard.cpp:8[m[K:
[11.870s] [01m[K/opt/ros/foxy/include/rcl_interfaces/msg/detail/list_parameters_result__struct.hpp:26:11:[m[K [01;36m[Knote: [m[K  â€˜[01m[Krcl_interfaces::msg[m[Kâ€™
[11.874s]    26 | namespace [01;36m[Kmsg[m[K
[11.877s]       |           [01;36m[K^~~[m[K
[11.879s] In file included from [01m[K/opt/ros/foxy/include/geometry_msgs/msg/detail/transform_stamped__struct.hpp:19[m[K,
[11.882s]                  from [01m[K/opt/ros/foxy/include/geometry_msgs/msg/transform_stamped.hpp:7[m[K,
[11.891s]                  from [01m[K/opt/ros/foxy/include/tf2_ros/transform_broadcaster.h:37[m[K,
[11.893s]                  from [01m[K/home/ubuntu/ROS2/dev_ws/src/ard_com/src/from_ard.cpp:10[m[K:
[11.895s] [01m[K/opt/ros/foxy/include/std_msgs/msg/detail/header__struct.hpp:30:11:[m[K [01;36m[Knote: [m[K  â€˜[01m[Kstd_msgs::msg[m[Kâ€™
[11.897s]    30 | namespace [01;36m[Kmsg[m[K
[11.899s]       |           [01;36m[K^~~[m[K
[11.901s] In file included from [01m[K/opt/ros/foxy/include/geometry_msgs/msg/detail/transform__struct.hpp:19[m[K,
[11.903s]                  from [01m[K/opt/ros/foxy/include/geometry_msgs/msg/detail/transform_stamped__struct.hpp:21[m[K,
[11.905s]                  from [01m[K/opt/ros/foxy/include/geometry_msgs/msg/transform_stamped.hpp:7[m[K,
[11.907s]                  from [01m[K/opt/ros/foxy/include/tf2_ros/transform_broadcaster.h:37[m[K,
[11.909s]                  from [01m[K/home/ubuntu/ROS2/dev_ws/src/ard_com/src/from_ard.cpp:10[m[K:
[11.911s] [01m[K/opt/ros/foxy/include/geometry_msgs/msg/detail/vector3__struct.hpp:26:11:[m[K [01;36m[Knote: [m[K  â€˜[01m[Kgeometry_msgs::msg[m[Kâ€™
[11.913s]    26 | namespace [01;36m[Kmsg[m[K
[11.915s]       |           [01;36m[K^~~[m[K
[11.917s] In file included from [01m[K/opt/ros/foxy/include/tf2_msgs/msg/tf_message.hpp:7[m[K,
[11.919s]                  from [01m[K/opt/ros/foxy/include/tf2_ros/transform_broadcaster.h:38[m[K,
[11.921s]                  from [01m[K/home/ubuntu/ROS2/dev_ws/src/ard_com/src/from_ard.cpp:10[m[K:
[11.924s] [01m[K/opt/ros/foxy/include/tf2_msgs/msg/detail/tf_message__struct.hpp:30:11:[m[K [01;36m[Knote: [m[K  â€˜[01m[Ktf2_msgs::msg[m[Kâ€™
[11.925s]    30 | namespace [01;36m[Kmsg[m[K
[11.926s]       |           [01;36m[K^~~[m[K
[11.927s] In file included from [01m[K/opt/ros/foxy/include/turtlesim/msg/pose.hpp:7[m[K,
[11.928s]                  from [01m[K/home/ubuntu/ROS2/dev_ws/src/ard_com/src/from_ard.cpp:11[m[K:
[11.928s] [01m[K/opt/ros/foxy/include/turtlesim/msg/detail/pose__struct.hpp:26:11:[m[K [01;36m[Knote: [m[K  â€˜[01m[Kturtlesim::msg[m[Kâ€™
[11.929s]    26 | namespace [01;36m[Kmsg[m[K
[11.930s]       |           [01;36m[K^~~[m[K
[11.931s] [01m[K/home/ubuntu/ROS2/dev_ws/src/ard_com/src/from_ard.cpp:51:40:[m[K [01;31m[Kerror: [m[Kexpected â€˜[01m[K)[m[Kâ€™ before â€˜[01m[K;[m[Kâ€™ token
[11.931s]    51 |             vth=[34m[K([m[Kmsg.angular_velocity.y[01;31m[K;[m[K+15)/131/180*M_PI;
[11.932s]       |                 [34m[K~[m[K                      [01;31m[K^[m[K
[11.933s]       |                                        [32m[K)[m[K
[11.933s] [01m[K/home/ubuntu/ROS2/dev_ws/src/ard_com/src/from_ard.cpp:51:44:[m[K [01;31m[Kerror: [m[Kexpected â€˜[01m[K;[m[Kâ€™ before â€˜[01m[K)[m[Kâ€™ token
[11.936s]    51 |             vth=(msg.angular_velocity.y;+15[01;31m[K)[m[K/131/180*M_PI;
[11.938s]       |                                            [01;31m[K^[m[K
[11.941s]       |                                            [32m[K;[m[K
[11.943s] [01m[K/home/ubuntu/ROS2/dev_ws/src/ard_com/src/from_ard.cpp:51:41:[m[K [01;35m[Kwarning: [m[Kstatement has no effect [[01;35m[K-Wunused-value[m[K]
[11.944s]    51 |             vth=(msg.angular_velocity.y;[01;35m[K+15[m[K)/131/180*M_PI;
[11.945s]       |                                         [01;35m[K^~~[m[K
[11.945s] [01m[K/home/ubuntu/ROS2/dev_ws/src/ard_com/src/from_ard.cpp:62:52:[m[K [01;31m[Kerror: [m[Kâ€˜[01m[Kclass rclcpp::Duration[m[Kâ€™ has no member named â€˜[01m[KtoSec[m[Kâ€™
[11.946s]    62 |             double dt = (current_time - last_time).[01;31m[KtoSec[m[K();
[11.946s]       |                                                    [01;31m[K^~~~~[m[K
[16.863s] make[2]: *** [CMakeFiles/from_ard.dir/build.make:63: CMakeFiles/from_ard.dir/src/from_ard.cpp.o] Error 1
[16.865s] make[1]: *** [CMakeFiles/Makefile2:107: CMakeFiles/from_ard.dir/all] Error 2
[16.867s] make: *** [Makefile:141: all] Error 2
[16.878s] Invoked command in '/home/ubuntu/ROS2/dev_ws/build/ard_com' returned '2': CMAKE_PREFIX_PATH=${CMAKE_PREFIX_PATH}:/opt/ros/foxy /usr/bin/cmake --build /home/ubuntu/ROS2/dev_ws/build/ard_com -- -j4 -l4
