[0.202s] Invoking command in '/home/ubuntu/ROS2/dev_ws/build/ard_com': CMAKE_PREFIX_PATH=${CMAKE_PREFIX_PATH}:/opt/ros/foxy /usr/bin/cmake --build /home/ubuntu/ROS2/dev_ws/build/ard_com -- -j4 -l4
[0.677s] [35m[1mScanning dependencies of target from_ard[0m
[1.038s] [ 25%] [32mBuilding CXX object CMakeFiles/from_ard.dir/src/from_ard.cpp.o[0m
[1.114s] [ 75%] Built target to_ard
[11.674s] [01m[K/home/ubuntu/ROS2/dev_ws/src/ard_com/src/from_ard.cpp:45:56:[m[K [01;31m[Kerror: [m[Kâ€˜[01m[Ksensor_msgs[m[Kâ€™ was not declared in this scope
[11.677s]    45 |         void robot_pose_callback(const std::shared_ptr<[01;31m[Ksensor_msgs[m[K::msg::Imu> msg)
[11.679s]       |                                                        [01;31m[K^~~~~~~~~~~[m[K
[11.680s] [01m[K/home/ubuntu/ROS2/dev_ws/src/ard_com/src/from_ard.cpp:45:77:[m[K [01;31m[Kerror: [m[Ktemplate argument 1 is invalid
[11.681s]    45 |         void robot_pose_callback(const std::shared_ptr<sensor_msgs::msg::Imu[01;31m[K>[m[K msg)
[11.698s]       |                                                                             [01;31m[K^[m[K
[11.700s] [01m[K/home/ubuntu/ROS2/dev_ws/src/ard_com/src/from_ard.cpp:45:56:[m[K [01;31m[Kerror: [m[Kâ€˜[01m[Ksensor_msgs[m[Kâ€™ was not declared in this scope
[11.701s]    45 |         void robot_pose_callback(const std::shared_ptr<[01;31m[Ksensor_msgs[m[K::msg::Imu> msg)
[11.702s]       |                                                        [01;31m[K^~~~~~~~~~~[m[K
[11.707s] [01m[K/home/ubuntu/ROS2/dev_ws/src/ard_com/src/from_ard.cpp:45:77:[m[K [01;31m[Kerror: [m[Ktemplate argument 1 is invalid
[11.709s]    45 |         void robot_pose_callback(const std::shared_ptr<sensor_msgs::msg::Imu[01;31m[K>[m[K msg)
[11.709s]       |                                                                             [01;31m[K^[m[K
[11.710s] [01m[K/home/ubuntu/ROS2/dev_ws/src/ard_com/src/from_ard.cpp:45:56:[m[K [01;31m[Kerror: [m[Kâ€˜[01m[Ksensor_msgs[m[Kâ€™ was not declared in this scope
[11.711s]    45 |         void robot_pose_callback(const std::shared_ptr<[01;31m[Ksensor_msgs[m[K::msg::Imu> msg)
[11.712s]       |                                                        [01;31m[K^~~~~~~~~~~[m[K
[11.713s] [01m[K/home/ubuntu/ROS2/dev_ws/src/ard_com/src/from_ard.cpp:45:77:[m[K [01;31m[Kerror: [m[Ktemplate argument 1 is invalid
[11.713s]    45 |         void robot_pose_callback(const std::shared_ptr<sensor_msgs::msg::Imu[01;31m[K>[m[K msg)
[11.715s]       |                                                                             [01;31m[K^[m[K
[11.716s] [01m[K/home/ubuntu/ROS2/dev_ws/src/ard_com/src/from_ard.cpp:45:56:[m[K [01;31m[Kerror: [m[Kâ€˜[01m[Ksensor_msgs[m[Kâ€™ was not declared in this scope
[11.717s]    45 |         void robot_pose_callback(const std::shared_ptr<[01;31m[Ksensor_msgs[m[K::msg::Imu> msg)
[11.718s]       |                                                        [01;31m[K^~~~~~~~~~~[m[K
[11.719s] [01m[K/home/ubuntu/ROS2/dev_ws/src/ard_com/src/from_ard.cpp:45:77:[m[K [01;31m[Kerror: [m[Ktemplate argument 1 is invalid
[11.721s]    45 |         void robot_pose_callback(const std::shared_ptr<sensor_msgs::msg::Imu[01;31m[K>[m[K msg)
[11.721s]       |                                                                             [01;31m[K^[m[K
[11.722s] [01m[K/home/ubuntu/ROS2/dev_ws/src/ard_com/src/from_ard.cpp:45:56:[m[K [01;31m[Kerror: [m[Kâ€˜[01m[Ksensor_msgs[m[Kâ€™ was not declared in this scope
[11.723s]    45 |         void robot_pose_callback(const std::shared_ptr<[01;31m[Ksensor_msgs[m[K::msg::Imu> msg)
[11.724s]       |                                                        [01;31m[K^~~~~~~~~~~[m[K
[11.727s] [01m[K/home/ubuntu/ROS2/dev_ws/src/ard_com/src/from_ard.cpp:45:77:[m[K [01;31m[Kerror: [m[Ktemplate argument 1 is invalid
[11.731s]    45 |         void robot_pose_callback(const std::shared_ptr<sensor_msgs::msg::Imu[01;31m[K>[m[K msg)
[11.734s]       |                                                                             [01;31m[K^[m[K
[11.735s] [01m[K/home/ubuntu/ROS2/dev_ws/src/ard_com/src/from_ard.cpp:45:40:[m[K [01;31m[Kerror: [m[Kinvalid use of template-name â€˜[01m[Kstd::shared_ptr[m[Kâ€™ without an argument list
[11.739s]    45 |         void robot_pose_callback(const [01;31m[Kstd[m[K::shared_ptr<sensor_msgs::msg::Imu> msg)
[11.740s]       |                                        [01;31m[K^~~[m[K
[11.741s] [01m[K/home/ubuntu/ROS2/dev_ws/src/ard_com/src/from_ard.cpp:45:40:[m[K [01;36m[Knote: [m[Kclass template argument deduction is only available with â€˜[01m[K-std=c++17[m[Kâ€™ or â€˜[01m[K-std=gnu++17[m[Kâ€™
[11.741s] In file included from [01m[K/usr/include/c++/9/bits/shared_ptr.h:52[m[K,
[11.742s]                  from [01m[K/usr/include/c++/9/memory:81[m[K,
[11.743s]                  from [01m[K/home/ubuntu/ROS2/dev_ws/src/ard_com/src/from_ard.cpp:4[m[K:
[11.743s] [01m[K/usr/include/c++/9/bits/shared_ptr_base.h:348:11:[m[K [01;36m[Knote: [m[Kâ€˜[01m[Ktemplate<class _Tp> class std::shared_ptr[m[Kâ€™ declared here
[11.744s]   348 |     class [01;36m[Kshared_ptr[m[K;
[11.745s]       |           [01;36m[K^~~~~~~~~~[m[K
[11.745s] [01m[K/home/ubuntu/ROS2/dev_ws/src/ard_com/src/from_ard.cpp:45:55:[m[K [01;31m[Kerror: [m[Kexpected â€˜[01m[K,[m[Kâ€™ or â€˜[01m[K...[m[Kâ€™ before â€˜[01m[K<[m[Kâ€™ token
[11.746s]    45 |         void robot_pose_callback(const std::shared_ptr[01;31m[K<[m[Ksensor_msgs::msg::Imu> msg)
[11.747s]       |                                                       [01;31m[K^[m[K
[11.749s] [01m[K/home/ubuntu/ROS2/dev_ws/src/ard_com/src/from_ard.cpp:102:30:[m[K [01;31m[Kerror: [m[Kâ€˜[01m[Ksensor_msgs[m[Kâ€™ was not declared in this scope
[11.750s]   102 |         rclcpp::Subscription<[01;31m[Ksensor_msgs[m[K::msg::Imu>::SharedPtr subscription_;
[11.751s]       |                              [01;31m[K^~~~~~~~~~~[m[K
[11.751s] [01m[K/home/ubuntu/ROS2/dev_ws/src/ard_com/src/from_ard.cpp:102:51:[m[K [01;31m[Kerror: [m[Ktemplate argument 1 is invalid
[11.752s]   102 |         rclcpp::Subscription<sensor_msgs::msg::Imu[01;31m[K>[m[K::SharedPtr subscription_;
[11.753s]       |                                                   [01;31m[K^[m[K
[11.756s] [01m[K/home/ubuntu/ROS2/dev_ws/src/ard_com/src/from_ard.cpp:102:51:[m[K [01;31m[Kerror: [m[Ktemplate argument 3 is invalid
[11.757s] [01m[K/home/ubuntu/ROS2/dev_ws/src/ard_com/src/from_ard.cpp:102:54:[m[K [01;31m[Kerror: [m[Kexpected â€˜[01m[K;[m[Kâ€™ at end of member declaration
[11.758s]   102 |         rclcpp::Subscription<sensor_msgs::msg::Imu>::[01;31m[KSharedPtr[m[K subscription_;
[11.759s]       |                                                      [01;31m[K^~~~~~~~~[m[K
[11.759s]       |                                                               [32m[K;[m[K
[11.760s] [01m[K/home/ubuntu/ROS2/dev_ws/src/ard_com/src/from_ard.cpp:102:64:[m[K [01;31m[Kerror: [m[Kâ€˜[01m[Ksubscription_[m[Kâ€™ does not name a type; did you mean â€˜[01m[Krcl_subscription_t[m[Kâ€™?
[11.761s]   102 |         rclcpp::Subscription<sensor_msgs::msg::Imu>::SharedPtr [01;31m[Ksubscription_[m[K;
[11.761s]       |                                                                [01;31m[K^~~~~~~~~~~~~[m[K
[11.762s]       |                                                                [32m[Krcl_subscription_t[m[K
[11.796s] [01m[K/home/ubuntu/ROS2/dev_ws/src/ard_com/src/from_ard.cpp:[m[K In constructor â€˜[01m[KOdomTFBroadcaster::OdomTFBroadcaster()[m[Kâ€™:
[11.798s] [01m[K/home/ubuntu/ROS2/dev_ws/src/ard_com/src/from_ard.cpp:37:13:[m[K [01;31m[Kerror: [m[Kâ€˜[01m[Ksubscription_[m[Kâ€™ was not declared in this scope; did you mean â€˜[01m[Krcl_subscription_t[m[Kâ€™?
[11.801s]    37 |             [01;31m[Ksubscription_[m[K = this->create_subscription<sensor_msgs::msg::Imu>(
[11.802s]       |             [01;31m[K^~~~~~~~~~~~~[m[K
[11.803s]       |             [32m[Krcl_subscription_t[m[K
[11.807s] [01m[K/home/ubuntu/ROS2/dev_ws/src/ard_com/src/from_ard.cpp:37:55:[m[K [01;31m[Kerror: [m[Kâ€˜[01m[Ksensor_msgs[m[Kâ€™ was not declared in this scope
[11.808s]    37 |             subscription_ = this->create_subscription<[01;31m[Ksensor_msgs[m[K::msg::Imu>(
[11.808s]       |                                                       [01;31m[K^~~~~~~~~~~[m[K
[11.809s] [01m[K/home/ubuntu/ROS2/dev_ws/src/ard_com/src/from_ard.cpp:37:35:[m[K [01;31m[Kerror: [m[Kparse error in template argument list
[11.810s]    37 |             subscription_ = this->[01;31m[Kcreate_subscription<sensor_msgs::msg::Imu>[m[K(
[11.811s]       |                                   [01;31m[K^~~~~~~~~~~~~~~~~~~~~~~~~~~~~~~~~~~~~~~~~~[m[K
[11.855s] [01m[K/home/ubuntu/ROS2/dev_ws/src/ard_com/src/from_ard.cpp:39:96:[m[K [01;31m[Kerror: [m[Kno matching function for call to â€˜[01m[KOdomTFBroadcaster::create_subscription<<expression error> >(std::string&, int, std::_Bind_helper<false, void (OdomTFBroadcaster::*)(int), OdomTFBroadcaster*, const std::_Placeholder<1>&>::type)[m[Kâ€™
[11.856s]    39 |                 std::bind(&OdomTFBroadcaster::robot_pose_callback, this, std::placeholders::_1)[01;31m[K)[m[K;
[11.857s]       |                                                                                                [01;31m[K^[m[K
[11.858s] In file included from [01m[K/opt/ros/foxy/include/rclcpp/executors/single_threaded_executor.hpp:28[m[K,
[11.859s]                  from [01m[K/opt/ros/foxy/include/rclcpp/executors.hpp:22[m[K,
[11.870s]                  from [01m[K/opt/ros/foxy/include/rclcpp/rclcpp.hpp:146[m[K,
[11.881s]                  from [01m[K/home/ubuntu/ROS2/dev_ws/src/ard_com/src/from_ard.cpp:8[m[K:
[11.881s] [01m[K/opt/ros/foxy/include/rclcpp/node.hpp:213:3:[m[K [01;36m[Knote: [m[Kcandidate: â€˜[01m[Ktemplate<class MessageT, class CallbackT, class AllocatorT, class CallbackMessageT, class SubscriptionT, class MessageMemoryStrategyT> std::shared_ptr<SubscriptionT> rclcpp::Node::create_subscription(const string&, const rclcpp::QoS&, CallbackT&&, const rclcpp::SubscriptionOptionsWithAllocator<AllocatorT>&, typename MessageMemoryStrategyT::SharedPtr)[m[Kâ€™
[11.882s]   213 |   [01;36m[Kcreate_subscription[m[K(
[11.883s]       |   [01;36m[K^~~~~~~~~~~~~~~~~~~[m[K
[11.884s] [01m[K/opt/ros/foxy/include/rclcpp/node.hpp:213:3:[m[K [01;36m[Knote: [m[K  template argument deduction/substitution failed:
[11.884s] [01m[K/home/ubuntu/ROS2/dev_ws/src/ard_com/src/from_ard.cpp:39:96:[m[K [01;31m[Kerror: [m[Ktemplate argument 1 is invalid
[11.886s]    39 |                 std::bind(&OdomTFBroadcaster::robot_pose_callback, this, std::placeholders::_1)[01;31m[K)[m[K;
[11.887s]       |                                                                                                [01;31m[K^[m[K
[11.888s] [01m[K/home/ubuntu/ROS2/dev_ws/src/ard_com/src/from_ard.cpp:[m[K In member function â€˜[01m[Kvoid OdomTFBroadcaster::robot_pose_callback(int)[m[Kâ€™:
[11.888s] [01m[K/home/ubuntu/ROS2/dev_ws/src/ard_com/src/from_ard.cpp:49:18:[m[K [01;31m[Kerror: [m[Kâ€˜[01m[Kmsg[m[Kâ€™ was not declared in this scope
[11.889s]    49 |             enc1=[01;31m[Kmsg[m[K.angular_velocity.x; // right speed, count per 20ms (Left if facing bot)
[11.889s]       |                  [01;31m[K^~~[m[K
[11.889s] [01m[K/home/ubuntu/ROS2/dev_ws/src/ard_com/src/from_ard.cpp:49:18:[m[K [01;36m[Knote: [m[Ksuggested alternatives:
[11.890s] In file included from [01m[K/opt/ros/foxy/include/builtin_interfaces/msg/duration.hpp:7[m[K,
[11.891s]                  from [01m[K/opt/ros/foxy/include/rclcpp/duration.hpp:20[m[K,
[11.891s]                  from [01m[K/opt/ros/foxy/include/rclcpp/qos.hpp:20[m[K,
[11.892s]                  from [01m[K/opt/ros/foxy/include/rclcpp/node_interfaces/node_graph_interface.hpp:31[m[K,
[11.892s]                  from [01m[K/opt/ros/foxy/include/rclcpp/client.hpp:34[m[K,
[11.893s]                  from [01m[K/opt/ros/foxy/include/rclcpp/callback_group.hpp:23[m[K,
[11.900s]                  from [01m[K/opt/ros/foxy/include/rclcpp/any_executable.hpp:20[m[K,
[11.905s]                  from [01m[K/opt/ros/foxy/include/rclcpp/memory_strategy.hpp:24[m[K,
[11.911s]                  from [01m[K/opt/ros/foxy/include/rclcpp/memory_strategies.hpp:18[m[K,
[11.911s]                  from [01m[K/opt/ros/foxy/include/rclcpp/executor_options.hpp:20[m[K,
[11.912s]                  from [01m[K/opt/ros/foxy/include/rclcpp/executor.hpp:33[m[K,
[11.913s]                  from [01m[K/opt/ros/foxy/include/rclcpp/executors/multi_threaded_executor.hpp:26[m[K,
[11.913s]                  from [01m[K/opt/ros/foxy/include/rclcpp/executors.hpp:21[m[K,
[11.914s]                  from [01m[K/opt/ros/foxy/include/rclcpp/rclcpp.hpp:146[m[K,
[11.915s]                  from [01m[K/home/ubuntu/ROS2/dev_ws/src/ard_com/src/from_ard.cpp:8[m[K:
[11.918s] [01m[K/opt/ros/foxy/include/builtin_interfaces/msg/detail/duration__struct.hpp:26:11:[m[K [01;36m[Knote: [m[K  â€˜[01m[Kbuiltin_interfaces::msg[m[Kâ€™
[11.920s]    26 | namespace [01;36m[Kmsg[m[K
[11.920s]       |           [01;36m[K^~~[m[K
[11.922s] In file included from [01m[K/opt/ros/foxy/include/statistics_msgs/msg/detail/metrics_message__struct.hpp:22[m[K,
[11.928s]                  from [01m[K/opt/ros/foxy/include/statistics_msgs/msg/metrics_message.hpp:7[m[K,
[11.929s]                  from [01m[K/opt/ros/foxy/include/libstatistics_collector/collector/generate_statistics_message.hpp:21[m[K,
[11.929s]                  from [01m[K/opt/ros/foxy/include/rclcpp/topic_statistics/subscription_topic_statistics.hpp:23[m[K,
[11.930s]                  from [01m[K/opt/ros/foxy/include/rclcpp/subscription.hpp:50[m[K,
[11.930s]                  from [01m[K/opt/ros/foxy/include/rclcpp/any_executable.hpp:25[m[K,
[11.931s]                  from [01m[K/opt/ros/foxy/include/rclcpp/memory_strategy.hpp:24[m[K,
[11.932s]                  from [01m[K/opt/ros/foxy/include/rclcpp/memory_strategies.hpp:18[m[K,
[11.932s]                  from [01m[K/opt/ros/foxy/include/rclcpp/executor_options.hpp:20[m[K,
[11.933s]                  from [01m[K/opt/ros/foxy/include/rclcpp/executor.hpp:33[m[K,
[11.934s]                  from [01m[K/opt/ros/foxy/include/rclcpp/executors/multi_threaded_executor.hpp:26[m[K,
[11.935s]                  from [01m[K/opt/ros/foxy/include/rclcpp/executors.hpp:21[m[K,
[11.936s]                  from [01m[K/opt/ros/foxy/include/rclcpp/rclcpp.hpp:146[m[K,
[11.937s]                  from [01m[K/home/ubuntu/ROS2/dev_ws/src/ard_com/src/from_ard.cpp:8[m[K:
[11.938s] [01m[K/opt/ros/foxy/include/statistics_msgs/msg/detail/statistic_data_point__struct.hpp:26:11:[m[K [01;36m[Knote: [m[K  â€˜[01m[Kstatistics_msgs::msg[m[Kâ€™
[11.939s]    26 | namespace [01;36m[Kmsg[m[K
[11.940s]       |           [01;36m[K^~~[m[K
[11.940s] In file included from [01m[K/opt/ros/foxy/include/rcl_interfaces/msg/list_parameters_result.hpp:7[m[K,
[11.941s]                  from [01m[K/opt/ros/foxy/include/rclcpp/node.hpp:34[m[K,
[11.942s]                  from [01m[K/opt/ros/foxy/include/rclcpp/executors/single_threaded_executor.hpp:28[m[K,
[11.942s]                  from [01m[K/opt/ros/foxy/include/rclcpp/executors.hpp:22[m[K,
[11.943s]                  from [01m[K/opt/ros/foxy/include/rclcpp/rclcpp.hpp:146[m[K,
[11.943s]                  from [01m[K/home/ubuntu/ROS2/dev_ws/src/ard_com/src/from_ard.cpp:8[m[K:
[11.944s] [01m[K/opt/ros/foxy/include/rcl_interfaces/msg/detail/list_parameters_result__struct.hpp:26:11:[m[K [01;36m[Knote: [m[K  â€˜[01m[Krcl_interfaces::msg[m[Kâ€™
[11.945s]    26 | namespace [01;36m[Kmsg[m[K
[11.945s]       |           [01;36m[K^~~[m[K
[11.946s] In file included from [01m[K/opt/ros/foxy/include/geometry_msgs/msg/detail/transform_stamped__struct.hpp:19[m[K,
[11.947s]                  from [01m[K/opt/ros/foxy/include/geometry_msgs/msg/transform_stamped.hpp:7[m[K,
[11.947s]                  from [01m[K/opt/ros/foxy/include/tf2_ros/transform_broadcaster.h:37[m[K,
[11.948s]                  from [01m[K/home/ubuntu/ROS2/dev_ws/src/ard_com/src/from_ard.cpp:10[m[K:
[11.948s] [01m[K/opt/ros/foxy/include/std_msgs/msg/detail/header__struct.hpp:30:11:[m[K [01;36m[Knote: [m[K  â€˜[01m[Kstd_msgs::msg[m[Kâ€™
[11.949s]    30 | namespace [01;36m[Kmsg[m[K
[11.949s]       |           [01;36m[K^~~[m[K
[11.950s] In file included from [01m[K/opt/ros/foxy/include/geometry_msgs/msg/detail/transform__struct.hpp:19[m[K,
[11.951s]                  from [01m[K/opt/ros/foxy/include/geometry_msgs/msg/detail/transform_stamped__struct.hpp:21[m[K,
[11.951s]                  from [01m[K/opt/ros/foxy/include/geometry_msgs/msg/transform_stamped.hpp:7[m[K,
[11.952s]                  from [01m[K/opt/ros/foxy/include/tf2_ros/transform_broadcaster.h:37[m[K,
[11.952s]                  from [01m[K/home/ubuntu/ROS2/dev_ws/src/ard_com/src/from_ard.cpp:10[m[K:
[11.953s] [01m[K/opt/ros/foxy/include/geometry_msgs/msg/detail/vector3__struct.hpp:26:11:[m[K [01;36m[Knote: [m[K  â€˜[01m[Kgeometry_msgs::msg[m[Kâ€™
[11.954s]    26 | namespace [01;36m[Kmsg[m[K
[11.955s]       |           [01;36m[K^~~[m[K
[11.955s] In file included from [01m[K/opt/ros/foxy/include/tf2_msgs/msg/tf_message.hpp:7[m[K,
[11.956s]                  from [01m[K/opt/ros/foxy/include/tf2_ros/transform_broadcaster.h:38[m[K,
[11.957s]                  from [01m[K/home/ubuntu/ROS2/dev_ws/src/ard_com/src/from_ard.cpp:10[m[K:
[11.958s] [01m[K/opt/ros/foxy/include/tf2_msgs/msg/detail/tf_message__struct.hpp:30:11:[m[K [01;36m[Knote: [m[K  â€˜[01m[Ktf2_msgs::msg[m[Kâ€™
[11.959s]    30 | namespace [01;36m[Kmsg[m[K
[11.959s]       |           [01;36m[K^~~[m[K
[11.960s] In file included from [01m[K/opt/ros/foxy/include/turtlesim/msg/pose.hpp:7[m[K,
[11.960s]                  from [01m[K/home/ubuntu/ROS2/dev_ws/src/ard_com/src/from_ard.cpp:11[m[K:
[11.961s] [01m[K/opt/ros/foxy/include/turtlesim/msg/detail/pose__struct.hpp:26:11:[m[K [01;36m[Knote: [m[K  â€˜[01m[Kturtlesim::msg[m[Kâ€™
[11.961s]    26 | namespace [01;36m[Kmsg[m[K
[11.962s]       |           [01;36m[K^~~[m[K
[11.963s] [01m[K/home/ubuntu/ROS2/dev_ws/src/ard_com/src/from_ard.cpp:51:40:[m[K [01;31m[Kerror: [m[Kexpected â€˜[01m[K)[m[Kâ€™ before â€˜[01m[K;[m[Kâ€™ token
[11.963s]    51 |             vth=[34m[K([m[Kmsg.angular_velocity.y[01;31m[K;[m[K+15)/131/180*M_PI;
[11.964s]       |                 [34m[K~[m[K                      [01;31m[K^[m[K
[11.964s]       |                                        [32m[K)[m[K
[11.965s] [01m[K/home/ubuntu/ROS2/dev_ws/src/ard_com/src/from_ard.cpp:51:44:[m[K [01;31m[Kerror: [m[Kexpected â€˜[01m[K;[m[Kâ€™ before â€˜[01m[K)[m[Kâ€™ token
[11.966s]    51 |             vth=(msg.angular_velocity.y;+15[01;31m[K)[m[K/131/180*M_PI;
[11.967s]       |                                            [01;31m[K^[m[K
[11.969s]       |                                            [32m[K;[m[K
[11.970s] [01m[K/home/ubuntu/ROS2/dev_ws/src/ard_com/src/from_ard.cpp:51:41:[m[K [01;35m[Kwarning: [m[Kstatement has no effect [[01;35m[K-Wunused-value[m[K]
[11.970s]    51 |             vth=(msg.angular_velocity.y;[01;35m[K+15[m[K)/131/180*M_PI;
[11.974s]       |                                         [01;35m[K^~~[m[K
[16.656s] make[2]: *** [CMakeFiles/from_ard.dir/build.make:63: CMakeFiles/from_ard.dir/src/from_ard.cpp.o] Error 1
[16.659s] make[1]: *** [CMakeFiles/Makefile2:107: CMakeFiles/from_ard.dir/all] Error 2
[16.660s] make: *** [Makefile:141: all] Error 2
[16.790s] Invoked command in '/home/ubuntu/ROS2/dev_ws/build/ard_com' returned '2': CMAKE_PREFIX_PATH=${CMAKE_PREFIX_PATH}:/opt/ros/foxy /usr/bin/cmake --build /home/ubuntu/ROS2/dev_ws/build/ard_com -- -j4 -l4
