[0.272s] Invoking command in '/home/ubuntu/ROS2/dev_ws/build/ard_com': CMAKE_PREFIX_PATH=${CMAKE_PREFIX_PATH}:/opt/ros/foxy /usr/bin/cmake --build /home/ubuntu/ROS2/dev_ws/build/ard_com -- -j4 -l4
[1.426s] [ 50%] Built target to_ard
[1.631s] [35m[1mScanning dependencies of target from_ard[0m
[2.133s] [ 75%] [32mBuilding CXX object CMakeFiles/from_ard.dir/src/from_ard.cpp.o[0m
[12.093s] [01m[K/home/ubuntu/ROS2/dev_ws/src/ard_com/src/from_ard.cpp:45:56:[m[K [01;31m[Kerror: [m[Kâ€˜[01m[Ksensor_msgs[m[Kâ€™ was not declared in this scope
[12.096s]    45 |         void robot_pose_callback(const std::shared_ptr<[01;31m[Ksensor_msgs[m[K::msg::Imu> msg)
[12.097s]       |                                                        [01;31m[K^~~~~~~~~~~[m[K
[12.098s] [01m[K/home/ubuntu/ROS2/dev_ws/src/ard_com/src/from_ard.cpp:45:77:[m[K [01;31m[Kerror: [m[Ktemplate argument 1 is invalid
[12.099s]    45 | bot_pose_callback(const std::shared_ptr<sensor_msgs::msg::Imu[01;31m[K>[m[K msg)
[12.105s]       |                                                              [01;31m[K^[m[K
[12.106s] 
[12.111s] [01m[K/home/ubuntu/ROS2/dev_ws/src/ard_com/src/from_ard.cpp:45:56:[m[K [01;31m[Kerror: [m[Kâ€˜[01m[Ksensor_msgs[m[Kâ€™ was not declared in this scope
[12.112s]    45 |         void robot_pose_callback(const std::shared_ptr<[01;31m[Ksensor_msgs[m[K::msg::Imu> msg)
[12.117s]       |                                                        [01;31m[K^~~~~~~~~~~[m[K
[12.118s] [01m[K/home/ubuntu/ROS2/dev_ws/src/ard_com/src/from_ard.cpp:45:77:[m[K [01;31m[Kerror: [m[Ktemplate argument 1 is invalid
[12.121s]    45 | bot_pose_callback(const std::shared_ptr<sensor_msgs::msg::Imu[01;31m[K>[m[K msg)
[12.122s]       |                                                              [01;31m[K^[m[K
[12.126s] 
[12.127s] [01m[K/home/ubuntu/ROS2/dev_ws/src/ard_com/src/from_ard.cpp:45:56:[m[K [01;31m[Kerror: [m[Kâ€˜[01m[Ksensor_msgs[m[Kâ€™ was not declared in this scope
[12.130s]    45 |         void robot_pose_callback(const std::shared_ptr<[01;31m[Ksensor_msgs[m[K::msg::Imu> msg)
[12.131s]       |                                                        [01;31m[K^~~~~~~~~~~[m[K
[12.158s] [01m[K/home/ubuntu/ROS2/dev_ws/src/ard_com/src/from_ard.cpp:45:77:[m[K [01;31m[Kerror: [m[Ktemplate argument 1 is invalid
[12.170s]    45 | bot_pose_callback(const std::shared_ptr<sensor_msgs::msg::Imu[01;31m[K>[m[K msg)
[12.172s]       |                                                              [01;31m[K^[m[K
[12.172s] 
[12.173s] [01m[K/home/ubuntu/ROS2/dev_ws/src/ard_com/src/from_ard.cpp:45:56:[m[K [01;31m[Kerror: [m[Kâ€˜[01m[Ksensor_msgs[m[Kâ€™ was not declared in this scope
[12.176s]    45 |         void robot_pose_callback(const std::shared_ptr<[01;31m[Ksensor_msgs[m[K::msg::Imu> msg)
[12.176s]       |                                                        [01;31m[K^~~~~~~~~~~[m[K
[12.177s] [01m[K/home/ubuntu/ROS2/dev_ws/src/ard_com/src/from_ard.cpp:45:77:[m[K [01;31m[Kerror: [m[Ktemplate argument 1 is invalid
[12.178s]    45 | bot_pose_callback(const std::shared_ptr<sensor_msgs::msg::Imu[01;31m[K>[m[K msg)
[12.179s]       |                                                              [01;31m[K^[m[K
[12.179s] 
[12.180s] [01m[K/home/ubuntu/ROS2/dev_ws/src/ard_com/src/from_ard.cpp:45:56:[m[K [01;31m[Kerror: [m[Kâ€˜[01m[Ksensor_msgs[m[Kâ€™ was not declared in this scope
[12.181s]    45 |         void robot_pose_callback(const std::shared_ptr<[01;31m[Ksensor_msgs[m[K::msg::Imu> msg)
[12.182s]       |                                                        [01;31m[K^~~~~~~~~~~[m[K
[12.183s] [01m[K/home/ubuntu/ROS2/dev_ws/src/ard_com/src/from_ard.cpp:45:77:[m[K [01;31m[Kerror: [m[Ktemplate argument 1 is invalid
[12.183s]    45 | bot_pose_callback(const std::shared_ptr<sensor_msgs::msg::Imu[01;31m[K>[m[K msg)
[12.184s]       |                                                              [01;31m[K^[m[K
[12.185s] 
[12.186s] [01m[K/home/ubuntu/ROS2/dev_ws/src/ard_com/src/from_ard.cpp:45:40:[m[K [01;31m[Kerror: [m[Kinvalid use of template-name â€˜[01m[Kstd::shared_ptr[m[Kâ€™ without an argument list
[12.187s]    45 |         void robot_pose_callback(const [01;31m[Kstd[m[K::shared_ptr<sensor_msgs::msg::Imu> msg)
[12.188s]       |                                        [01;31m[K^~~[m[K
[12.188s] [01m[K/home/ubuntu/ROS2/dev_ws/src/ard_com/src/from_ard.cpp:45:40:[m[K [01;36m[Knote: [m[Kclass template argument deduction is only available with â€˜[01m[K-std=c++17[m[Kâ€™ or â€˜[01m[K-std=gnu++17[m[Kâ€™
[12.191s] In file included from [01m[K/usr/include/c++/9/bits/shared_ptr.h:52[m[K,
[12.201s]                  from [01m[K/usr/include/c++/9/memory:81[m[K,
[12.202s]                  from [01m[K/home/ubuntu/ROS2/dev_ws/src/ard_com/src/from_ard.cpp:4[m[K:
[12.203s] [01m[K/usr/include/c++/9/bits/shared_ptr_base.h:348:11:[m[K [01;36m[Knote: [m[Kâ€˜[01m[Ktemplate<class _Tp> class std::shared_ptr[m[Kâ€™ declared here
[12.203s]   348 |     class [01;36m[Kshared_ptr[m[K;
[12.204s]       |           [01;36m[K^~~~~~~~~~[m[K
[12.205s] [01m[K/home/ubuntu/ROS2/dev_ws/src/ard_com/src/from_ard.cpp:45:55:[m[K [01;31m[Kerror: [m[Kexpected â€˜[01m[K,[m[Kâ€™ or â€˜[01m[K...[m[Kâ€™ before â€˜[01m[K<[m[Kâ€™ token
[12.207s]    45 |         void robot_pose_callback(const std::shared_ptr[01;31m[K<[m[Ksensor_msgs::msg::Imu> msg)
[12.215s]       |                                                       [01;31m[K^[m[K
[12.216s] [01m[K/home/ubuntu/ROS2/dev_ws/src/ard_com/src/from_ard.cpp:102:30:[m[K [01;31m[Kerror: [m[Kâ€˜[01m[Ksensor_msgs[m[Kâ€™ was not declared in this scope
[12.217s]   102 |         rclcpp::Subscription<[01;31m[Ksensor_msgs[m[K::msg::Imu>::SharedPtr subscription_;
[12.218s]       |                              [01;31m[K^~~~~~~~~~~[m[K
[12.218s] [01m[K/home/ubuntu/ROS2/dev_ws/src/ard_com/src/from_ard.cpp:102:51:[m[K [01;31m[Kerror: [m[Ktemplate argument 1 is invalid
[12.219s]   102 |         rclcpp::Subscription<sensor_msgs::msg::Imu[01;31m[K>[m[K::SharedPtr subscription_;
[12.220s]       |                                                   [01;31m[K^[m[K
[12.221s] [01m[K/home/ubuntu/ROS2/dev_ws/src/ard_com/src/from_ard.cpp:102:51:[m[K [01;31m[Kerror: [m[Ktemplate argument 3 is invalid
[12.222s] [01m[K/home/ubuntu/ROS2/dev_ws/src/ard_com/src/from_ard.cpp:102:54:[m[K [01;31m[Kerror: [m[Kexpected â€˜[01m[K;[m[Kâ€™ at end of member declaration
[12.224s]   102 |         rclcpp::Subscription<sensor_msgs::msg::Imu>::[01;31m[KSharedPtr[m[K subscription_;
[12.225s]       |                                                      [01;31m[K^~~~~~~~~[m[K
[12.225s]       |                                                               [32m[K;[m[K
[12.226s] [01m[K/home/ubuntu/ROS2/dev_ws/src/ard_com/src/from_ard.cpp:102:64:[m[K [01;31m[Kerror: [m[Kâ€˜[01m[Ksubscription_[m[Kâ€™ does not name a type; did you mean â€˜[01m[Krcl_subscription_t[m[Kâ€™?
[12.228s]   102 |         rclcpp::Subscription<sensor_msgs::msg::Imu>::SharedPtr [01;31m[Ksubscription_[m[K;
[12.228s]       |                                                                [01;31m[K^~~~~~~~~~~~~[m[K
[12.229s]       |                                                                [32m[Krcl_subscription_t[m[K
[12.230s] [01m[K/home/ubuntu/ROS2/dev_ws/src/ard_com/src/from_ard.cpp:[m[K In constructor â€˜[01m[KOdomTFBroadcaster::OdomTFBroadcaster()[m[Kâ€™:
[12.231s] [01m[K/home/ubuntu/ROS2/dev_ws/src/ard_com/src/from_ard.cpp:37:13:[m[K [01;31m[Kerror: [m[Kâ€˜[01m[Ksubscription_[m[Kâ€™ was not declared in this scope; did you mean â€˜[01m[Krcl_subscription_t[m[Kâ€™?
[12.232s]    37 |             [01;31m[Ksubscription_[m[K = this->create_subscription<sensor_msgs::msg::Imu>(
[12.233s]       |             [01;31m[K^~~~~~~~~~~~~[m[K
[12.234s]       |             [32m[Krcl_subscription_t[m[K
[12.247s] [01m[K/home/ubuntu/ROS2/dev_ws/src/ard_com/src/from_ard.cpp:37:55:[m[K [01;31m[Kerror: [m[Kâ€˜[01m[Ksensor_msgs[m[Kâ€™ was not declared in this scope
[12.248s]    37 |             subscription_ = this->create_subscription<[01;31m[Ksensor_msgs[m[K::msg::Imu>(
[12.249s]       |                                                       [01;31m[K^~~~~~~~~~~[m[K
[12.250s] [01m[K/home/ubuntu/ROS2/dev_ws/src/ard_com/src/from_ard.cpp:37:35:[m[K [01;31m[Kerror: [m[Kparse error in template argument list
[12.250s]    37 |             subscription_ = this->[01;31m[Kcreate_subscription<sensor_msgs::msg::Imu>[m[K(
[12.251s]       |                                   [01;31m[K^~~~~~~~~~~~~~~~~~~~~~~~~~~~~~~~~~~~~~~~~~[m[K
[12.285s] [01m[K/home/ubuntu/ROS2/dev_ws/src/ard_com/src/from_ard.cpp:39:96:[m[K [01;31m[Kerror: [m[Kno matching function for call to â€˜[01m[KOdomTFBroadcaster::create_subscription<<expression error> >(std::string&, int, std::_Bind_helper<false, void (OdomTFBroadcaster::*)(int), OdomTFBroadcaster*, const std::_Placeholder<1>&>::type)[m[Kâ€™
[12.286s]    39 | roadcaster::robot_pose_callback, this, std::placeholders::_1)[01;31m[K)[m[K;
[12.287s]       |                                                              [01;31m[K^[m[K
[12.288s] 
[12.300s] In file included from [01m[K/opt/ros/foxy/include/rclcpp/executors/single_threaded_executor.hpp:28[m[K,
[12.301s]                  from [01m[K/opt/ros/foxy/include/rclcpp/executors.hpp:22[m[K,
[12.302s]                  from [01m[K/opt/ros/foxy/include/rclcpp/rclcpp.hpp:146[m[K,
[12.302s]                  from [01m[K/home/ubuntu/ROS2/dev_ws/src/ard_com/src/from_ard.cpp:8[m[K:
[12.303s] [01m[K/opt/ros/foxy/include/rclcpp/node.hpp:213:3:[m[K [01;36m[Knote: [m[Kcandidate: â€˜[01m[Ktemplate<class MessageT, class CallbackT, class AllocatorT, class CallbackMessageT, class SubscriptionT, class MessageMemoryStrategyT> std::shared_ptr<SubscriptionT> rclcpp::Node::create_subscription(const string&, const rclcpp::QoS&, CallbackT&&, const rclcpp::SubscriptionOptionsWithAllocator<AllocatorT>&, typename MessageMemoryStrategyT::SharedPtr)[m[Kâ€™
[12.304s]   213 |   [01;36m[Kcreate_subscription[m[K(
[12.304s]       |   [01;36m[K^~~~~~~~~~~~~~~~~~~[m[K
[12.305s] [01m[K/opt/ros/foxy/include/rclcpp/node.hpp:213:3:[m[K [01;36m[Knote: [m[K  template argument deduction/substitution failed:
[12.310s] [01m[K/home/ubuntu/ROS2/dev_ws/src/ard_com/src/from_ard.cpp:39:96:[m[K [01;31m[Kerror: [m[Ktemplate argument 1 is invalid
[12.312s]    39 | roadcaster::robot_pose_callback, this, std::placeholders::_1)[01;31m[K)[m[K;
[12.313s]       |                                                              [01;31m[K^[m[K
[12.314s] 
[12.315s] [01m[K/home/ubuntu/ROS2/dev_ws/src/ard_com/src/from_ard.cpp:[m[K In member function â€˜[01m[Kvoid OdomTFBroadcaster::robot_pose_callback(int)[m[Kâ€™:
[12.316s] [01m[K/home/ubuntu/ROS2/dev_ws/src/ard_com/src/from_ard.cpp:49:18:[m[K [01;31m[Kerror: [m[Kâ€˜[01m[Kmsg[m[Kâ€™ was not declared in this scope
[12.317s]    49 |             enc1=[01;31m[Kmsg[m[K.angular_velocity.x; // right speed, count per 20ms (Left if facing bot)
[12.323s]       |                  [01;31m[K^~~[m[K
[12.325s] [01m[K/home/ubuntu/ROS2/dev_ws/src/ard_com/src/from_ard.cpp:49:18:[m[K [01;36m[Knote: [m[Ksuggested alternatives:
[12.326s] In file included from [01m[K/opt/ros/foxy/include/builtin_interfaces/msg/duration.hpp:7[m[K,
[12.327s]                  from [01m[K/opt/ros/foxy/include/rclcpp/duration.hpp:20[m[K,
[12.327s]                  from [01m[K/opt/ros/foxy/include/rclcpp/qos.hpp:20[m[K,
[12.328s]                  from [01m[K/opt/ros/foxy/include/rclcpp/node_interfaces/node_graph_interface.hpp:31[m[K,
[12.328s]                  from [01m[K/opt/ros/foxy/include/rclcpp/client.hpp:34[m[K,
[12.329s]                  from [01m[K/opt/ros/foxy/include/rclcpp/callback_group.hpp:23[m[K,
[12.329s]                  from [01m[K/opt/ros/foxy/include/rclcpp/any_executable.hpp:20[m[K,
[12.330s]                  from [01m[K/opt/ros/foxy/include/rclcpp/memory_strategy.hpp:24[m[K,
[12.330s]                  from [01m[K/opt/ros/foxy/include/rclcpp/memory_strategies.hpp:18[m[K,
[12.331s]                  from [01m[K/opt/ros/foxy/include/rclcpp/executor_options.hpp:20[m[K,
[12.332s]                  from [01m[K/opt/ros/foxy/include/rclcpp/executor.hpp:33[m[K,
[12.333s]                  from [01m[K/opt/ros/foxy/include/rclcpp/executors/multi_threaded_executor.hpp:26[m[K,
[12.334s]                  from [01m[K/opt/ros/foxy/include/rclcpp/executors.hpp:21[m[K,
[12.334s]                  from [01m[K/opt/ros/foxy/include/rclcpp/rclcpp.hpp:146[m[K,
[12.335s]                  from [01m[K/home/ubuntu/ROS2/dev_ws/src/ard_com/src/from_ard.cpp:8[m[K:
[12.336s] [01m[K/opt/ros/foxy/include/builtin_interfaces/msg/detail/duration__struct.hpp:26:11:[m[K [01;36m[Knote: [m[K  â€˜[01m[Kbuiltin_interfaces::msg[m[Kâ€™
[12.336s]    26 | namespace [01;36m[Kmsg[m[K
[12.337s]       |           [01;36m[K^~~[m[K
[12.337s] In file included from [01m[K/opt/ros/foxy/include/statistics_msgs/msg/detail/metrics_message__struct.hpp:22[m[K,
[12.338s]                  from [01m[K/opt/ros/foxy/include/statistics_msgs/msg/metrics_message.hpp:7[m[K,
[12.339s]                  from [01m[K/opt/ros/foxy/include/libstatistics_collector/collector/generate_statistics_message.hpp:21[m[K,
[12.339s]                  from [01m[K/opt/ros/foxy/include/rclcpp/topic_statistics/subscription_topic_statistics.hpp:23[m[K,
[12.340s]                  from [01m[K/opt/ros/foxy/include/rclcpp/subscription.hpp:50[m[K,
[12.343s]                  from [01m[K/opt/ros/foxy/include/rclcpp/any_executable.hpp:25[m[K,
[12.343s]                  from [01m[K/opt/ros/foxy/include/rclcpp/memory_strategy.hpp:24[m[K,
[12.344s]                  from [01m[K/opt/ros/foxy/include/rclcpp/memory_strategies.hpp:18[m[K,
[12.346s]                  from [01m[K/opt/ros/foxy/include/rclcpp/executor_options.hpp:20[m[K,
[12.346s]                  from [01m[K/opt/ros/foxy/include/rclcpp/executor.hpp:33[m[K,
[12.347s]                  from [01m[K/opt/ros/foxy/include/rclcpp/executors/multi_threaded_executor.hpp:26[m[K,
[12.348s]                  from [01m[K/opt/ros/foxy/include/rclcpp/executors.hpp:21[m[K,
[12.348s]                  from [01m[K/opt/ros/foxy/include/rclcpp/rclcpp.hpp:146[m[K,
[12.349s]                  from [01m[K/home/ubuntu/ROS2/dev_ws/src/ard_com/src/from_ard.cpp:8[m[K:
[12.349s] [01m[K/opt/ros/foxy/include/statistics_msgs/msg/detail/statistic_data_point__struct.hpp:26:11:[m[K [01;36m[Knote: [m[K  â€˜[01m[Kstatistics_msgs::msg[m[Kâ€™
[12.355s]    26 | namespace [01;36m[Kmsg[m[K
[12.355s]       |           [01;36m[K^~~[m[K
[12.356s] In file included from [01m[K/opt/ros/foxy/include/rcl_interfaces/msg/list_parameters_result.hpp:7[m[K,
[12.357s]                  from [01m[K/opt/ros/foxy/include/rclcpp/node.hpp:34[m[K,
[12.358s]                  from [01m[K/opt/ros/foxy/include/rclcpp/executors/single_threaded_executor.hpp:28[m[K,
[12.358s]                  from [01m[K/opt/ros/foxy/include/rclcpp/executors.hpp:22[m[K,
[12.359s]                  from [01m[K/opt/ros/foxy/include/rclcpp/rclcpp.hpp:146[m[K,
[12.360s]                  from [01m[K/home/ubuntu/ROS2/dev_ws/src/ard_com/src/from_ard.cpp:8[m[K:
[12.362s] [01m[K/opt/ros/foxy/include/rcl_interfaces/msg/detail/list_parameters_result__struct.hpp:26:11:[m[K [01;36m[Knote: [m[K  â€˜[01m[Krcl_interfaces::msg[m[Kâ€™
[12.363s]    26 | namespace [01;36m[Kmsg[m[K
[12.365s]       |           [01;36m[K^~~[m[K
[12.377s] In file included from [01m[K/opt/ros/foxy/include/geometry_msgs/msg/detail/transform_stamped__struct.hpp:19[m[K,
[12.378s]                  from [01m[K/opt/ros/foxy/include/geometry_msgs/msg/transform_stamped.hpp:7[m[K,
[12.379s]                  from [01m[K/opt/ros/foxy/include/tf2_ros/transform_broadcaster.h:37[m[K,
[12.380s]                  from [01m[K/home/ubuntu/ROS2/dev_ws/src/ard_com/src/from_ard.cpp:10[m[K:
[12.380s] [01m[K/opt/ros/foxy/include/std_msgs/msg/detail/header__struct.hpp:30:11:[m[K [01;36m[Knote: [m[K  â€˜[01m[Kstd_msgs::msg[m[Kâ€™
[12.381s]    30 | namespace [01;36m[Kmsg[m[K
[12.382s]       |           [01;36m[K^~~[m[K
[12.382s] In file included from [01m[K/opt/ros/foxy/include/geometry_msgs/msg/detail/transform__struct.hpp:19[m[K,
[12.383s]                  from [01m[K/opt/ros/foxy/include/geometry_msgs/msg/detail/transform_stamped__struct.hpp:21[m[K,
[12.384s]                  from [01m[K/opt/ros/foxy/include/geometry_msgs/msg/transform_stamped.hpp:7[m[K,
[12.384s]                  from [01m[K/opt/ros/foxy/include/tf2_ros/transform_broadcaster.h:37[m[K,
[12.385s]                  from [01m[K/home/ubuntu/ROS2/dev_ws/src/ard_com/src/from_ard.cpp:10[m[K:
[12.386s] [01m[K/opt/ros/foxy/include/geometry_msgs/msg/detail/vector3__struct.hpp:26:11:[m[K [01;36m[Knote: [m[K  â€˜[01m[Kgeometry_msgs::msg[m[Kâ€™
[12.387s]    26 | namespace [01;36m[Kmsg[m[K
[12.387s]       |           [01;36m[K^~~[m[K
[12.388s] In file included from [01m[K/opt/ros/foxy/include/tf2_msgs/msg/tf_message.hpp:7[m[K,
[12.389s]                  from [01m[K/opt/ros/foxy/include/tf2_ros/transform_broadcaster.h:38[m[K,
[12.389s]                  from [01m[K/home/ubuntu/ROS2/dev_ws/src/ard_com/src/from_ard.cpp:10[m[K:
[12.390s] [01m[K/opt/ros/foxy/include/tf2_msgs/msg/detail/tf_message__struct.hpp:30:11:[m[K [01;36m[Knote: [m[K  â€˜[01m[Ktf2_msgs::msg[m[Kâ€™
[12.391s]    30 | namespace [01;36m[Kmsg[m[K
[12.392s]       |           [01;36m[K^~~[m[K
[12.393s] In file included from [01m[K/opt/ros/foxy/include/turtlesim/msg/pose.hpp:7[m[K,
[12.393s]                  from [01m[K/home/ubuntu/ROS2/dev_ws/src/ard_com/src/from_ard.cpp:11[m[K:
[12.394s] [01m[K/opt/ros/foxy/include/turtlesim/msg/detail/pose__struct.hpp:26:11:[m[K [01;36m[Knote: [m[K  â€˜[01m[Kturtlesim::msg[m[Kâ€™
[12.395s]    26 | namespace [01;36m[Kmsg[m[K
[12.396s]       |           [01;36m[K^~~[m[K
[17.214s] make[2]: *** [CMakeFiles/from_ard.dir/build.make:63: CMakeFiles/from_ard.dir/src/from_ard.cpp.o] Error 1
[17.222s] make[1]: *** [CMakeFiles/Makefile2:107: CMakeFiles/from_ard.dir/all] Error 2
[17.223s] make: *** [Makefile:141: all] Error 2
[17.241s] Invoked command in '/home/ubuntu/ROS2/dev_ws/build/ard_com' returned '2': CMAKE_PREFIX_PATH=${CMAKE_PREFIX_PATH}:/opt/ros/foxy /usr/bin/cmake --build /home/ubuntu/ROS2/dev_ws/build/ard_com -- -j4 -l4
